1658756328008	geckodriver	INFO	Listening on 127.0.0.1:59991
1658756328412	mozrunner::runner	INFO	Running command: "/Applications/Firefox.app/Contents/MacOS/firefox-bin" "--marionette" "--remote-debugging-port" "59992" "--remote-allow-hosts" "localhost" "-foreground" "-no-remote" "-profile" "/var/folders/n1/ywk4091j5xx1hvl49p918s6w0000gn/T/rust_mozprofileq9PW1q"
2022-07-25 08:38:49.464 plugin-container[2834:49162] nil host used in call to allowsSpecificHTTPSCertificateForHost
2022-07-25 08:38:49.464 plugin-container[2834:49162] nil host used in call to allowsAnyHTTPSCertificateForHost:
1658756329492	Marionette	INFO	Marionette enabled
2022-07-25 08:38:49.567 plugin-container[2834:49162] nil host used in call to allowsSpecificHTTPSCertificateForHost
2022-07-25 08:38:49.568 plugin-container[2834:49162] nil host used in call to allowsAnyHTTPSCertificateForHost:
2022-07-25 08:38:49.568 plugin-container[2834:49190] nil host used in call to allowsSpecificHTTPSCertificateForHost
2022-07-25 08:38:49.568 plugin-container[2834:49190] nil host used in call to allowsAnyHTTPSCertificateForHost:
1658756329602	Marionette	INFO	Listening on port 60006
WebDriver BiDi listening on ws://localhost:59992
Read port: 60006
1658756329971	RemoteAgent	WARN	TLS certificate errors will be ignored for this session
console.warn: SearchSettings: "get: No settings file exists, new profile?" (new NotFoundError("Could not open the file at /var/folders/n1/ywk4091j5xx1hvl49p918s6w0000gn/T/rust_mozprofileq9PW1q/search.json.mozlz4", (void 0)))
DevTools listening on ws://localhost:59992/devtools/browser/d0b9888e-8757-4e4d-83fb-e80e38162540
1658756975361	geckodriver	INFO	Listening on 127.0.0.1:62708
1658756975778	mozrunner::runner	INFO	Running command: "/Applications/Firefox.app/Contents/MacOS/firefox-bin" "--marionette" "--remote-debugging-port" "62709" "--remote-allow-hosts" "localhost" "-foreground" "-no-remote" "-profile" "/var/folders/n1/ywk4091j5xx1hvl49p918s6w0000gn/T/rust_mozprofileF9ZLva"
2022-07-25 08:49:36.324 plugin-container[3179:56281] nil host used in call to allowsSpecificHTTPSCertificateForHost
2022-07-25 08:49:36.324 plugin-container[3179:56281] nil host used in call to allowsAnyHTTPSCertificateForHost:
2022-07-25 08:49:36.328 plugin-container[3179:56281] nil host used in call to allowsSpecificHTTPSCertificateForHost
2022-07-25 08:49:36.328 plugin-container[3179:56281] nil host used in call to allowsAnyHTTPSCertificateForHost:
2022-07-25 08:49:36.329 plugin-container[3179:56284] nil host used in call to allowsSpecificHTTPSCertificateForHost
2022-07-25 08:49:36.329 plugin-container[3179:56284] nil host used in call to allowsAnyHTTPSCertificateForHost:
1658756976467	Marionette	INFO	Marionette enabled
1658756976534	Marionette	INFO	Listening on port 62718
WebDriver BiDi listening on ws://localhost:62709
Read port: 62718
1658756977261	RemoteAgent	WARN	TLS certificate errors will be ignored for this session
console.warn: SearchSettings: "get: No settings file exists, new profile?" (new NotFoundError("Could not open the file at /var/folders/n1/ywk4091j5xx1hvl49p918s6w0000gn/T/rust_mozprofileF9ZLva/search.json.mozlz4", (void 0)))
DevTools listening on ws://localhost:62709/devtools/browser/9058558c-a12a-40c1-b958-eea746c794a7
1658757004569	Marionette	INFO	Stopped listening on port 62718
1658757636527	geckodriver	INFO	Listening on 127.0.0.1:65463
1658757636913	mozrunner::runner	INFO	Running command: "/Applications/Firefox.app/Contents/MacOS/firefox-bin" "--marionette" "--remote-debugging-port" "65464" "--remote-allow-hosts" "localhost" "-foreground" "-no-remote" "-profile" "/var/folders/n1/ywk4091j5xx1hvl49p918s6w0000gn/T/rust_mozprofileu7MBfA"
2022-07-25 09:00:37.366 plugin-container[3466:62436] nil host used in call to allowsSpecificHTTPSCertificateForHost
2022-07-25 09:00:37.366 plugin-container[3466:62436] nil host used in call to allowsAnyHTTPSCertificateForHost:
2022-07-25 09:00:37.371 plugin-container[3466:62436] nil host used in call to allowsSpecificHTTPSCertificateForHost
2022-07-25 09:00:37.371 plugin-container[3466:62436] nil host used in call to allowsAnyHTTPSCertificateForHost:
2022-07-25 09:00:37.372 plugin-container[3466:62439] nil host used in call to allowsSpecificHTTPSCertificateForHost
2022-07-25 09:00:37.372 plugin-container[3466:62439] nil host used in call to allowsAnyHTTPSCertificateForHost:
1658757637519	Marionette	INFO	Marionette enabled
1658757637565	Marionette	INFO	Listening on port 65474
WebDriver BiDi listening on ws://localhost:65464
Read port: 65474
1658757638036	RemoteAgent	WARN	TLS certificate errors will be ignored for this session
console.warn: SearchSettings: "get: No settings file exists, new profile?" (new NotFoundError("Could not open the file at /var/folders/n1/ywk4091j5xx1hvl49p918s6w0000gn/T/rust_mozprofileu7MBfA/search.json.mozlz4", (void 0)))
DevTools listening on ws://localhost:65464/devtools/browser/eb67a869-396b-40a9-86bd-b014ec640612
1658757662480	Marionette	INFO	Stopped listening on port 65474
1658757939688	geckodriver	INFO	Listening on 127.0.0.1:50395
1658757940103	mozrunner::runner	INFO	Running command: "/Applications/Firefox.app/Contents/MacOS/firefox-bin" "--marionette" "--remote-debugging-port" "50396" "--remote-allow-hosts" "localhost" "-foreground" "-no-remote" "-profile" "/var/folders/n1/ywk4091j5xx1hvl49p918s6w0000gn/T/rust_mozprofileECIHIl"
2022-07-25 09:05:40.593 plugin-container[3609:65490] nil host used in call to allowsSpecificHTTPSCertificateForHost
2022-07-25 09:05:40.594 plugin-container[3609:65490] nil host used in call to allowsAnyHTTPSCertificateForHost:
2022-07-25 09:05:40.598 plugin-container[3609:65490] nil host used in call to allowsSpecificHTTPSCertificateForHost
2022-07-25 09:05:40.598 plugin-container[3609:65490] nil host used in call to allowsAnyHTTPSCertificateForHost:
2022-07-25 09:05:40.598 plugin-container[3609:65492] nil host used in call to allowsSpecificHTTPSCertificateForHost
2022-07-25 09:05:40.598 plugin-container[3609:65492] nil host used in call to allowsAnyHTTPSCertificateForHost:
1658757940770	Marionette	INFO	Marionette enabled
1658757940818	Marionette	INFO	Listening on port 50409
Read port: 50409
WebDriver BiDi listening on ws://localhost:50396
1658757941269	RemoteAgent	WARN	TLS certificate errors will be ignored for this session
console.warn: SearchSettings: "get: No settings file exists, new profile?" (new NotFoundError("Could not open the file at /var/folders/n1/ywk4091j5xx1hvl49p918s6w0000gn/T/rust_mozprofileECIHIl/search.json.mozlz4", (void 0)))
DevTools listening on ws://localhost:50396/devtools/browser/c40cee73-63a2-4da3-97ce-cfd4e10b77c7
1658757974215	geckodriver	INFO	Listening on 127.0.0.1:50596
1658757974628	mozrunner::runner	INFO	Running command: "/Applications/Firefox.app/Contents/MacOS/firefox-bin" "--marionette" "--remote-debugging-port" "50597" "--remote-allow-hosts" "localhost" "-foreground" "-no-remote" "-profile" "/var/folders/n1/ywk4091j5xx1hvl49p918s6w0000gn/T/rust_mozprofileTqYgj2"
2022-07-25 09:06:15.066 plugin-container[3643:66264] nil host used in call to allowsSpecificHTTPSCertificateForHost
2022-07-25 09:06:15.067 plugin-container[3643:66264] nil host used in call to allowsAnyHTTPSCertificateForHost:
1658757975082	Marionette	INFO	Marionette enabled
2022-07-25 09:06:15.085 plugin-container[3643:66264] nil host used in call to allowsSpecificHTTPSCertificateForHost
2022-07-25 09:06:15.085 plugin-container[3643:66264] nil host used in call to allowsAnyHTTPSCertificateForHost:
2022-07-25 09:06:15.085 plugin-container[3643:66268] nil host used in call to allowsSpecificHTTPSCertificateForHost
2022-07-25 09:06:15.085 plugin-container[3643:66268] nil host used in call to allowsAnyHTTPSCertificateForHost:
1658757975195	Marionette	INFO	Listening on port 50607
WebDriver BiDi listening on ws://localhost:50597
Read port: 50607
1658757975736	RemoteAgent	WARN	TLS certificate errors will be ignored for this session
console.warn: SearchSettings: "get: No settings file exists, new profile?" (new NotFoundError("Could not open the file at /var/folders/n1/ywk4091j5xx1hvl49p918s6w0000gn/T/rust_mozprofileTqYgj2/search.json.mozlz4", (void 0)))
DevTools listening on ws://localhost:50597/devtools/browser/0a3356d8-6309-477d-89ce-aab53025fda3
1658757982525	Marionette	INFO	Stopped listening on port 50409
1658758010192	geckodriver	INFO	Listening on 127.0.0.1:50807
1658758010598	mozrunner::runner	INFO	Running command: "/Applications/Firefox.app/Contents/MacOS/firefox-bin" "--marionette" "--remote-debugging-port" "50808" "--remote-allow-hosts" "localhost" "-foreground" "-no-remote" "-profile" "/var/folders/n1/ywk4091j5xx1hvl49p918s6w0000gn/T/rust_mozprofilewQpgfq"
2022-07-25 09:06:51.119 plugin-container[3728:67388] nil host used in call to allowsSpecificHTTPSCertificateForHost
2022-07-25 09:06:51.120 plugin-container[3728:67388] nil host used in call to allowsAnyHTTPSCertificateForHost:
2022-07-25 09:06:51.126 plugin-container[3728:67388] nil host used in call to allowsSpecificHTTPSCertificateForHost
2022-07-25 09:06:51.126 plugin-container[3728:67388] nil host used in call to allowsAnyHTTPSCertificateForHost:
2022-07-25 09:06:51.126 plugin-container[3728:67386] nil host used in call to allowsSpecificHTTPSCertificateForHost
2022-07-25 09:06:51.126 plugin-container[3728:67386] nil host used in call to allowsAnyHTTPSCertificateForHost:
1658758011188	Marionette	INFO	Marionette enabled
1658758011272	Marionette	INFO	Listening on port 50819
WebDriver BiDi listening on ws://localhost:50808
Read port: 50819
1658758011696	RemoteAgent	WARN	TLS certificate errors will be ignored for this session
console.warn: SearchSettings: "get: No settings file exists, new profile?" (new NotFoundError("Could not open the file at /var/folders/n1/ywk4091j5xx1hvl49p918s6w0000gn/T/rust_mozprofilewQpgfq/search.json.mozlz4", (void 0)))
DevTools listening on ws://localhost:50808/devtools/browser/50ced08e-0699-4567-96fa-785af6876606
1658758041946	geckodriver	INFO	Listening on 127.0.0.1:50993
1658758042354	mozrunner::runner	INFO	Running command: "/Applications/Firefox.app/Contents/MacOS/firefox-bin" "--marionette" "--remote-debugging-port" "50994" "--remote-allow-hosts" "localhost" "-foreground" "-no-remote" "-profile" "/var/folders/n1/ywk4091j5xx1hvl49p918s6w0000gn/T/rust_mozprofilepYhwFC"
1658758043183	Marionette	INFO	Marionette enabled
2022-07-25 09:07:23.244 plugin-container[3768:68185] nil host used in call to allowsSpecificHTTPSCertificateForHost
2022-07-25 09:07:23.245 plugin-container[3768:68185] nil host used in call to allowsAnyHTTPSCertificateForHost:
2022-07-25 09:07:23.248 plugin-container[3768:68185] nil host used in call to allowsSpecificHTTPSCertificateForHost
2022-07-25 09:07:23.248 plugin-container[3768:68185] nil host used in call to allowsAnyHTTPSCertificateForHost:
2022-07-25 09:07:23.249 plugin-container[3768:68207] nil host used in call to allowsSpecificHTTPSCertificateForHost
2022-07-25 09:07:23.249 plugin-container[3768:68207] nil host used in call to allowsAnyHTTPSCertificateForHost:
1658758043315	Marionette	INFO	Listening on port 51008
WebDriver BiDi listening on ws://localhost:50994
Read port: 51008
1658758044005	RemoteAgent	WARN	TLS certificate errors will be ignored for this session
console.warn: SearchSettings: "get: No settings file exists, new profile?" (new NotFoundError("Could not open the file at /var/folders/n1/ywk4091j5xx1hvl49p918s6w0000gn/T/rust_mozprofilepYhwFC/search.json.mozlz4", (void 0)))
DevTools listening on ws://localhost:50994/devtools/browser/5343c545-012a-4680-ac80-56426614abdb
1658758063174	Marionette	INFO	Stopped listening on port 51008
1658758455808	geckodriver	INFO	Listening on 127.0.0.1:52758
1658758456196	mozrunner::runner	INFO	Running command: "/Applications/Firefox.app/Contents/MacOS/firefox-bin" "--marionette" "--remote-debugging-port" "52759" "--remote-allow-hosts" "localhost" "-foreground" "-no-remote" "-profile" "/var/folders/n1/ywk4091j5xx1hvl49p918s6w0000gn/T/rust_mozprofile3Pyetf"
1658758457066	Marionette	INFO	Marionette enabled
2022-07-25 09:14:17.179 plugin-container[3911:73052] nil host used in call to allowsSpecificHTTPSCertificateForHost
2022-07-25 09:14:17.180 plugin-container[3911:73052] nil host used in call to allowsAnyHTTPSCertificateForHost:
2022-07-25 09:14:17.201 plugin-container[3911:73052] nil host used in call to allowsSpecificHTTPSCertificateForHost
2022-07-25 09:14:17.201 plugin-container[3911:73052] nil host used in call to allowsAnyHTTPSCertificateForHost:
2022-07-25 09:14:17.202 plugin-container[3911:73054] nil host used in call to allowsSpecificHTTPSCertificateForHost
2022-07-25 09:14:17.202 plugin-container[3911:73054] nil host used in call to allowsAnyHTTPSCertificateForHost:
1658758457283	Marionette	INFO	Listening on port 52774
WebDriver BiDi listening on ws://localhost:52759
Read port: 52774
1658758457484	RemoteAgent	WARN	TLS certificate errors will be ignored for this session
console.warn: SearchSettings: "get: No settings file exists, new profile?" (new NotFoundError("Could not open the file at /var/folders/n1/ywk4091j5xx1hvl49p918s6w0000gn/T/rust_mozprofile3Pyetf/search.json.mozlz4", (void 0)))
DevTools listening on ws://localhost:52759/devtools/browser/757a63b1-e5a0-4dbe-a7ee-de6b1c6c0a3f
2022-07-25 14:14:22.030 plugin-container[3920:73416] nil host used in call to allowsSpecificHTTPSCertificateForHost
2022-07-25 14:14:22.031 plugin-container[3920:73416] nil host used in call to allowsAnyHTTPSCertificateForHost:
2022-07-25 14:14:22.034 plugin-container[3920:73416] nil host used in call to allowsSpecificHTTPSCertificateForHost
2022-07-25 14:14:22.034 plugin-container[3920:73416] nil host used in call to allowsAnyHTTPSCertificateForHost:
2022-07-25 14:14:22.034 plugin-container[3920:73423] nil host used in call to allowsSpecificHTTPSCertificateForHost
2022-07-25 14:14:22.034 plugin-container[3920:73423] nil host used in call to allowsAnyHTTPSCertificateForHost:
1658758467383	Marionette	INFO	Stopped listening on port 52774
JavaScript error: resource://services-settings/Utils.jsm, line 237: TypeError: NetworkError: Network request failed
1658758507231	geckodriver	INFO	Listening on 127.0.0.1:53015
1658758507629	mozrunner::runner	INFO	Running command: "/Applications/Firefox.app/Contents/MacOS/firefox-bin" "--marionette" "--remote-debugging-port" "53016" "--remote-allow-hosts" "localhost" "-foreground" "-no-remote" "-profile" "/var/folders/n1/ywk4091j5xx1hvl49p918s6w0000gn/T/rust_mozprofile3hbKUP"
2022-07-25 09:15:08.698 plugin-container[3966:74106] nil host used in call to allowsSpecificHTTPSCertificateForHost
2022-07-25 09:15:08.698 plugin-container[3966:74106] nil host used in call to allowsAnyHTTPSCertificateForHost:
2022-07-25 09:15:08.706 plugin-container[3966:74106] nil host used in call to allowsSpecificHTTPSCertificateForHost
2022-07-25 09:15:08.706 plugin-container[3966:74106] nil host used in call to allowsAnyHTTPSCertificateForHost:
2022-07-25 09:15:08.744 plugin-container[3966:74108] nil host used in call to allowsSpecificHTTPSCertificateForHost
2022-07-25 09:15:08.744 plugin-container[3966:74108] nil host used in call to allowsAnyHTTPSCertificateForHost:
1658758508848	Marionette	INFO	Marionette enabled
1658758508889	Marionette	INFO	Listening on port 53030
Read port: 53030
WebDriver BiDi listening on ws://localhost:53016
1658758509170	RemoteAgent	WARN	TLS certificate errors will be ignored for this session
console.warn: SearchSettings: "get: No settings file exists, new profile?" (new NotFoundError("Could not open the file at /var/folders/n1/ywk4091j5xx1hvl49p918s6w0000gn/T/rust_mozprofile3hbKUP/search.json.mozlz4", (void 0)))
DevTools listening on ws://localhost:53016/devtools/browser/dd1a330e-3c17-42f3-aae5-1f7f642154cb
1658758605093	geckodriver	INFO	Listening on 127.0.0.1:53473
1658758605467	mozrunner::runner	INFO	Running command: "/Applications/Firefox.app/Contents/MacOS/firefox-bin" "--marionette" "--remote-debugging-port" "53474" "--remote-allow-hosts" "localhost" "-foreground" "-no-remote" "-profile" "/var/folders/n1/ywk4091j5xx1hvl49p918s6w0000gn/T/rust_mozprofileHylqkc"
1658758606034	Marionette	INFO	Marionette enabled
2022-07-25 09:16:46.065 plugin-container[4043:75573] nil host used in call to allowsSpecificHTTPSCertificateForHost
2022-07-25 09:16:46.066 plugin-container[4043:75573] nil host used in call to allowsAnyHTTPSCertificateForHost:
2022-07-25 09:16:46.070 plugin-container[4043:75573] nil host used in call to allowsSpecificHTTPSCertificateForHost
2022-07-25 09:16:46.070 plugin-container[4043:75573] nil host used in call to allowsAnyHTTPSCertificateForHost:
2022-07-25 09:16:46.070 plugin-container[4043:75578] nil host used in call to allowsSpecificHTTPSCertificateForHost
2022-07-25 09:16:46.070 plugin-container[4043:75578] nil host used in call to allowsAnyHTTPSCertificateForHost:
1658758606200	Marionette	INFO	Listening on port 53488
WebDriver BiDi listening on ws://localhost:53474
Read port: 53488
1658758606644	RemoteAgent	WARN	TLS certificate errors will be ignored for this session
console.warn: SearchSettings: "get: No settings file exists, new profile?" (new NotFoundError("Could not open the file at /var/folders/n1/ywk4091j5xx1hvl49p918s6w0000gn/T/rust_mozprofileHylqkc/search.json.mozlz4", (void 0)))
DevTools listening on ws://localhost:53474/devtools/browser/edabbe86-f154-4049-8039-857c41d510e3
1658758652486	geckodriver	INFO	Listening on 127.0.0.1:53725
1658758652886	mozrunner::runner	INFO	Running command: "/Applications/Firefox.app/Contents/MacOS/firefox-bin" "--marionette" "--remote-debugging-port" "53726" "--remote-allow-hosts" "localhost" "-foreground" "-no-remote" "-profile" "/var/folders/n1/ywk4091j5xx1hvl49p918s6w0000gn/T/rust_mozprofiletfc2nI"
2022-07-25 09:17:33.323 plugin-container[4088:76670] nil host used in call to allowsSpecificHTTPSCertificateForHost
2022-07-25 09:17:33.324 plugin-container[4088:76670] nil host used in call to allowsAnyHTTPSCertificateForHost:
2022-07-25 09:17:33.327 plugin-container[4088:76670] nil host used in call to allowsSpecificHTTPSCertificateForHost
2022-07-25 09:17:33.328 plugin-container[4088:76670] nil host used in call to allowsAnyHTTPSCertificateForHost:
2022-07-25 09:17:33.328 plugin-container[4088:76675] nil host used in call to allowsSpecificHTTPSCertificateForHost
2022-07-25 09:17:33.328 plugin-container[4088:76675] nil host used in call to allowsAnyHTTPSCertificateForHost:
1658758653426	Marionette	INFO	Marionette enabled
1658758653486	Marionette	INFO	Listening on port 53736
WebDriver BiDi listening on ws://localhost:53726
Read port: 53736
1658758654014	RemoteAgent	WARN	TLS certificate errors will be ignored for this session
console.warn: SearchSettings: "get: No settings file exists, new profile?" (new NotFoundError("Could not open the file at /var/folders/n1/ywk4091j5xx1hvl49p918s6w0000gn/T/rust_mozprofiletfc2nI/search.json.mozlz4", (void 0)))
DevTools listening on ws://localhost:53726/devtools/browser/7161e47c-dffa-4c9f-9157-a6ad754af12f
2022-07-25 14:17:40.258 plugin-container[4098:77078] nil host used in call to allowsSpecificHTTPSCertificateForHost
2022-07-25 14:17:40.259 plugin-container[4098:77078] nil host used in call to allowsAnyHTTPSCertificateForHost:
2022-07-25 14:17:40.262 plugin-container[4098:77078] nil host used in call to allowsSpecificHTTPSCertificateForHost
2022-07-25 14:17:40.262 plugin-container[4098:77078] nil host used in call to allowsAnyHTTPSCertificateForHost:
2022-07-25 14:17:40.262 plugin-container[4098:77085] nil host used in call to allowsSpecificHTTPSCertificateForHost
2022-07-25 14:17:40.262 plugin-container[4098:77085] nil host used in call to allowsAnyHTTPSCertificateForHost:
1658758715806	geckodriver	INFO	Listening on 127.0.0.1:54047
1658758716212	mozrunner::runner	INFO	Running command: "/Applications/Firefox.app/Contents/MacOS/firefox-bin" "--marionette" "--remote-debugging-port" "54048" "--remote-allow-hosts" "localhost" "-foreground" "-no-remote" "-profile" "/var/folders/n1/ywk4091j5xx1hvl49p918s6w0000gn/T/rust_mozprofilePw0zYo"
2022-07-25 09:18:37.152 plugin-container[4135:77789] nil host used in call to allowsSpecificHTTPSCertificateForHost
2022-07-25 09:18:37.153 plugin-container[4135:77789] nil host used in call to allowsAnyHTTPSCertificateForHost:
2022-07-25 09:18:37.164 plugin-container[4135:77789] nil host used in call to allowsSpecificHTTPSCertificateForHost
2022-07-25 09:18:37.164 plugin-container[4135:77789] nil host used in call to allowsAnyHTTPSCertificateForHost:
1658758717177	Marionette	INFO	Marionette enabled
2022-07-25 09:18:37.207 plugin-container[4135:77790] nil host used in call to allowsSpecificHTTPSCertificateForHost
2022-07-25 09:18:37.207 plugin-container[4135:77790] nil host used in call to allowsAnyHTTPSCertificateForHost:
1658758717241	Marionette	INFO	Listening on port 54058
Read port: 54058
WebDriver BiDi listening on ws://localhost:54048
1658758717767	RemoteAgent	WARN	TLS certificate errors will be ignored for this session
console.warn: SearchSettings: "get: No settings file exists, new profile?" (new NotFoundError("Could not open the file at /var/folders/n1/ywk4091j5xx1hvl49p918s6w0000gn/T/rust_mozprofilePw0zYo/search.json.mozlz4", (void 0)))
DevTools listening on ws://localhost:54048/devtools/browser/7f672dc8-588a-41fd-80dd-169f0e45b953
1658758759093	geckodriver	INFO	Listening on 127.0.0.1:54290
1658758759470	mozrunner::runner	INFO	Running command: "/Applications/Firefox.app/Contents/MacOS/firefox-bin" "--marionette" "--remote-debugging-port" "54291" "--remote-allow-hosts" "localhost" "-foreground" "-no-remote" "-profile" "/var/folders/n1/ywk4091j5xx1hvl49p918s6w0000gn/T/rust_mozprofileh7rdYw"
2022-07-25 09:19:20.232 plugin-container[4203:78758] nil host used in call to allowsSpecificHTTPSCertificateForHost
2022-07-25 09:19:20.235 plugin-container[4203:78758] nil host used in call to allowsAnyHTTPSCertificateForHost:
2022-07-25 09:19:20.241 plugin-container[4203:78758] nil host used in call to allowsSpecificHTTPSCertificateForHost
2022-07-25 09:19:20.241 plugin-container[4203:78758] nil host used in call to allowsAnyHTTPSCertificateForHost:
2022-07-25 09:19:20.242 plugin-container[4203:78760] nil host used in call to allowsSpecificHTTPSCertificateForHost
2022-07-25 09:19:20.242 plugin-container[4203:78760] nil host used in call to allowsAnyHTTPSCertificateForHost:
1658758760365	Marionette	INFO	Marionette enabled
1658758760423	Marionette	INFO	Listening on port 54302
WebDriver BiDi listening on ws://localhost:54291
Read port: 54302
1658758760724	RemoteAgent	WARN	TLS certificate errors will be ignored for this session
console.warn: SearchSettings: "get: No settings file exists, new profile?" (new NotFoundError("Could not open the file at /var/folders/n1/ywk4091j5xx1hvl49p918s6w0000gn/T/rust_mozprofileh7rdYw/search.json.mozlz4", (void 0)))
DevTools listening on ws://localhost:54291/devtools/browser/b399cf10-9dba-49cb-92cd-a24dbba0d041
console.warn: LoginRecipes: "getRecipes: falling back to a synchronous message for:" "https://wripli.com"
console.warn: LoginRecipes: "getRecipes: falling back to a synchronous message for:" "https://wripli.com"
JavaScript error: resource://gre/modules/LoginManagerParent.jsm, line 136: TypeError: gRecipeManager is null
2022-07-25 14:19:31.042 plugin-container[4214:79175] nil host used in call to allowsSpecificHTTPSCertificateForHost
2022-07-25 14:19:31.042 plugin-container[4214:79175] nil host used in call to allowsAnyHTTPSCertificateForHost:
2022-07-25 14:19:31.045 plugin-container[4214:79175] nil host used in call to allowsSpecificHTTPSCertificateForHost
2022-07-25 14:19:31.045 plugin-container[4214:79175] nil host used in call to allowsAnyHTTPSCertificateForHost:
2022-07-25 14:19:31.046 plugin-container[4214:79186] nil host used in call to allowsSpecificHTTPSCertificateForHost
2022-07-25 14:19:31.046 plugin-container[4214:79186] nil host used in call to allowsAnyHTTPSCertificateForHost:
1658759650560	Marionette	INFO	Stopped listening on port 54302
1658760224651	geckodriver	INFO	Listening on 127.0.0.1:59683
1658760225085	mozrunner::runner	INFO	Running command: "/Applications/Firefox.app/Contents/MacOS/firefox-bin" "--marionette" "--remote-debugging-port" "59684" "--remote-allow-hosts" "localhost" "-foreground" "-no-remote" "-profile" "/var/folders/n1/ywk4091j5xx1hvl49p918s6w0000gn/T/rust_mozprofilesIeC0a"
2022-07-25 09:43:45.524 plugin-container[5017:95692] nil host used in call to allowsSpecificHTTPSCertificateForHost
2022-07-25 09:43:45.524 plugin-container[5017:95692] nil host used in call to allowsAnyHTTPSCertificateForHost:
2022-07-25 09:43:45.540 plugin-container[5017:95692] nil host used in call to allowsSpecificHTTPSCertificateForHost
2022-07-25 09:43:45.540 plugin-container[5017:95692] nil host used in call to allowsAnyHTTPSCertificateForHost:
2022-07-25 09:43:45.546 plugin-container[5017:95689] nil host used in call to allowsSpecificHTTPSCertificateForHost
2022-07-25 09:43:45.546 plugin-container[5017:95689] nil host used in call to allowsAnyHTTPSCertificateForHost:
1658760225550	Marionette	INFO	Marionette enabled
1658760225782	Marionette	INFO	Listening on port 59697
WebDriver BiDi listening on ws://localhost:59684
Read port: 59697
1658760226497	RemoteAgent	WARN	TLS certificate errors will be ignored for this session
console.warn: SearchSettings: "get: No settings file exists, new profile?" (new NotFoundError("Could not open the file at /var/folders/n1/ywk4091j5xx1hvl49p918s6w0000gn/T/rust_mozprofilesIeC0a/search.json.mozlz4", (void 0)))
DevTools listening on ws://localhost:59684/devtools/browser/92f0ac4d-21aa-49c3-807f-5813c422e29b
console.warn: LoginRecipes: "getRecipes: falling back to a synchronous message for:" "https://wripli.com"
console.warn: LoginRecipes: "getRecipes: falling back to a synchronous message for:" "https://wripli.com"
JavaScript error: resource://gre/modules/LoginManagerParent.jsm, line 136: TypeError: gRecipeManager is null
2022-07-25 14:43:58.318 plugin-container[5025:96104] nil host used in call to allowsSpecificHTTPSCertificateForHost
2022-07-25 14:43:58.318 plugin-container[5025:96104] nil host used in call to allowsAnyHTTPSCertificateForHost:
2022-07-25 14:43:58.322 plugin-container[5025:96104] nil host used in call to allowsSpecificHTTPSCertificateForHost
2022-07-25 14:43:58.322 plugin-container[5025:96104] nil host used in call to allowsAnyHTTPSCertificateForHost:
2022-07-25 14:43:58.323 plugin-container[5025:96114] nil host used in call to allowsSpecificHTTPSCertificateForHost
2022-07-25 14:43:58.323 plugin-container[5025:96114] nil host used in call to allowsAnyHTTPSCertificateForHost:
1658760319705	geckodriver	INFO	Listening on 127.0.0.1:60138
1658760320096	mozrunner::runner	INFO	Running command: "/Applications/Firefox.app/Contents/MacOS/firefox-bin" "--marionette" "--remote-debugging-port" "60139" "--remote-allow-hosts" "localhost" "-foreground" "-no-remote" "-profile" "/var/folders/n1/ywk4091j5xx1hvl49p918s6w0000gn/T/rust_mozprofilequLGU7"
1658760320805	Marionette	INFO	Marionette enabled
1658760320861	Marionette	INFO	Listening on port 60149
WebDriver BiDi listening on ws://localhost:60139
2022-07-25 09:45:20.909 plugin-container[5101:97035] nil host used in call to allowsSpecificHTTPSCertificateForHost
2022-07-25 09:45:20.910 plugin-container[5101:97035] nil host used in call to allowsAnyHTTPSCertificateForHost:
2022-07-25 09:45:20.915 plugin-container[5101:97035] nil host used in call to allowsSpecificHTTPSCertificateForHost
2022-07-25 09:45:20.915 plugin-container[5101:97035] nil host used in call to allowsAnyHTTPSCertificateForHost:
2022-07-25 09:45:20.915 plugin-container[5101:97038] nil host used in call to allowsSpecificHTTPSCertificateForHost
2022-07-25 09:45:20.915 plugin-container[5101:97038] nil host used in call to allowsAnyHTTPSCertificateForHost:
Read port: 60149
1658760321388	RemoteAgent	WARN	TLS certificate errors will be ignored for this session
console.warn: SearchSettings: "get: No settings file exists, new profile?" (new NotFoundError("Could not open the file at /var/folders/n1/ywk4091j5xx1hvl49p918s6w0000gn/T/rust_mozprofilequLGU7/search.json.mozlz4", (void 0)))
DevTools listening on ws://localhost:60139/devtools/browser/5cedb8a3-33c0-4524-a9b5-5ffb6c419c4c
2022-07-25 14:45:31.835 plugin-container[5111:97526] nil host used in call to allowsSpecificHTTPSCertificateForHost
2022-07-25 14:45:31.835 plugin-container[5111:97526] nil host used in call to allowsAnyHTTPSCertificateForHost:
2022-07-25 14:45:31.840 plugin-container[5111:97526] nil host used in call to allowsSpecificHTTPSCertificateForHost
2022-07-25 14:45:31.840 plugin-container[5111:97526] nil host used in call to allowsAnyHTTPSCertificateForHost:
2022-07-25 14:45:31.841 plugin-container[5111:97536] nil host used in call to allowsSpecificHTTPSCertificateForHost
2022-07-25 14:45:31.841 plugin-container[5111:97536] nil host used in call to allowsAnyHTTPSCertificateForHost:
console.warn: LoginRecipes: "getRecipes: falling back to a synchronous message for:" "https://wripli.com"
console.warn: LoginRecipes: "getRecipes: falling back to a synchronous message for:" "https://wripli.com"
JavaScript error: resource://gre/modules/LoginManagerParent.jsm, line 136: TypeError: gRecipeManager is null
1658760709033	Marionette	INFO	Stopped listening on port 60149
1658761219380	geckodriver	INFO	Listening on 127.0.0.1:63872
1658761219712	mozrunner::runner	INFO	Running command: "/Applications/Firefox.app/Contents/MacOS/firefox-bin" "--marionette" "--remote-debugging-port" "63873" "--remote-allow-hosts" "localhost" "-foreground" "-no-remote" "-profile" "/var/folders/n1/ywk4091j5xx1hvl49p918s6w0000gn/T/rust_mozprofilerC5aGm"
2022-07-25 10:00:20.227 plugin-container[5453:105524] nil host used in call to allowsSpecificHTTPSCertificateForHost
2022-07-25 10:00:20.227 plugin-container[5453:105524] nil host used in call to allowsAnyHTTPSCertificateForHost:
2022-07-25 10:00:20.232 plugin-container[5453:105524] nil host used in call to allowsSpecificHTTPSCertificateForHost
2022-07-25 10:00:20.232 plugin-container[5453:105524] nil host used in call to allowsAnyHTTPSCertificateForHost:
2022-07-25 10:00:20.233 plugin-container[5453:105522] nil host used in call to allowsSpecificHTTPSCertificateForHost
2022-07-25 10:00:20.233 plugin-container[5453:105522] nil host used in call to allowsAnyHTTPSCertificateForHost:
1658761220351	Marionette	INFO	Marionette enabled
1658761220395	Marionette	INFO	Listening on port 63887
WebDriver BiDi listening on ws://localhost:63873
Read port: 63887
1658761220958	RemoteAgent	WARN	TLS certificate errors will be ignored for this session
console.warn: SearchSettings: "get: No settings file exists, new profile?" (new NotFoundError("Could not open the file at /var/folders/n1/ywk4091j5xx1hvl49p918s6w0000gn/T/rust_mozprofilerC5aGm/search.json.mozlz4", (void 0)))
DevTools listening on ws://localhost:63873/devtools/browser/848ec97e-0a8e-4cf3-8aa4-2cdfd336cbc8
console.warn: LoginRecipes: "getRecipes: falling back to a synchronous message for:" "https://wripli.com"
console.warn: LoginRecipes: "getRecipes: falling back to a synchronous message for:" "https://wripli.com"
JavaScript error: resource://gre/modules/LoginManagerParent.jsm, line 136: TypeError: gRecipeManager is null
2022-07-25 15:00:31.395 plugin-container[5463:105985] nil host used in call to allowsSpecificHTTPSCertificateForHost
2022-07-25 15:00:31.395 plugin-container[5463:105985] nil host used in call to allowsAnyHTTPSCertificateForHost:
2022-07-25 15:00:31.399 plugin-container[5463:105985] nil host used in call to allowsSpecificHTTPSCertificateForHost
2022-07-25 15:00:31.399 plugin-container[5463:105985] nil host used in call to allowsAnyHTTPSCertificateForHost:
2022-07-25 15:00:31.400 plugin-container[5463:106011] nil host used in call to allowsSpecificHTTPSCertificateForHost
2022-07-25 15:00:31.400 plugin-container[5463:106011] nil host used in call to allowsAnyHTTPSCertificateForHost:
1658761593298	geckodriver	INFO	Listening on 127.0.0.1:64565
1658761593578	mozrunner::runner	INFO	Running command: "/Applications/Firefox.app/Contents/MacOS/firefox-bin" "--marionette" "--remote-debugging-port" "64566" "--remote-allow-hosts" "localhost" "-foreground" "-no-remote" "-profile" "/var/folders/n1/ywk4091j5xx1hvl49p918s6w0000gn/T/rust_mozprofilemHzqZG"
2022-07-25 10:06:34.198 plugin-container[5614:109735] nil host used in call to allowsSpecificHTTPSCertificateForHost
2022-07-25 10:06:34.199 plugin-container[5614:109735] nil host used in call to allowsAnyHTTPSCertificateForHost:
2022-07-25 10:06:34.208 plugin-container[5614:109735] nil host used in call to allowsSpecificHTTPSCertificateForHost
2022-07-25 10:06:34.208 plugin-container[5614:109735] nil host used in call to allowsAnyHTTPSCertificateForHost:
2022-07-25 10:06:34.208 plugin-container[5614:109740] nil host used in call to allowsSpecificHTTPSCertificateForHost
2022-07-25 10:06:34.208 plugin-container[5614:109740] nil host used in call to allowsAnyHTTPSCertificateForHost:
1658761594449	Marionette	INFO	Marionette enabled
1658761594657	Marionette	INFO	Listening on port 64572
WebDriver BiDi listening on ws://localhost:64566
Read port: 64572
1658761595258	RemoteAgent	WARN	TLS certificate errors will be ignored for this session
console.warn: SearchSettings: "get: No settings file exists, new profile?" (new NotFoundError("Could not open the file at /var/folders/n1/ywk4091j5xx1hvl49p918s6w0000gn/T/rust_mozprofilemHzqZG/search.json.mozlz4", (void 0)))
DevTools listening on ws://localhost:64566/devtools/browser/c8012d10-f9a9-4305-8b6d-3c3cb705a343
console.warn: LoginRecipes: "getRecipes: falling back to a synchronous message for:" "https://wripli.com"
console.warn: LoginRecipes: "getRecipes: falling back to a synchronous message for:" "https://wripli.com"
JavaScript error: resource://gre/modules/LoginManagerParent.jsm, line 136: TypeError: gRecipeManager is null
2022-07-25 15:06:46.899 plugin-container[5624:110113] nil host used in call to allowsSpecificHTTPSCertificateForHost
2022-07-25 15:06:46.899 plugin-container[5624:110113] nil host used in call to allowsAnyHTTPSCertificateForHost:
2022-07-25 15:06:46.903 plugin-container[5624:110113] nil host used in call to allowsSpecificHTTPSCertificateForHost
2022-07-25 15:06:46.903 plugin-container[5624:110113] nil host used in call to allowsAnyHTTPSCertificateForHost:
2022-07-25 15:06:46.904 plugin-container[5624:110114] nil host used in call to allowsSpecificHTTPSCertificateForHost
2022-07-25 15:06:46.904 plugin-container[5624:110114] nil host used in call to allowsAnyHTTPSCertificateForHost:
1658761739818	Marionette	INFO	Stopped listening on port 64572
1658761744211	Marionette	INFO	Stopped listening on port 63887
1658761751305	Marionette	INFO	Stopped listening on port 50607
console.warn: TopSitesFeed: Failed to fetch data from Contile server: NetworkError when attempting to fetch resource.
1658761755714	Marionette	INFO	Stopped listening on port 50819
console.warn: TopSitesFeed: Failed to fetch data from Contile server: NetworkError when attempting to fetch resource.
1658761757520	Marionette	INFO	Stopped listening on port 53030
console.warn: TopSitesFeed: Failed to fetch data from Contile server: NetworkError when attempting to fetch resource.
1658761759380	Marionette	INFO	Stopped listening on port 53488
console.warn: TopSitesFeed: Failed to fetch data from Contile server: NetworkError when attempting to fetch resource.
1658761761147	Marionette	INFO	Stopped listening on port 53736
console.warn: TopSitesFeed: Failed to fetch data from Contile server: NetworkError when attempting to fetch resource.
1658761762964	Marionette	INFO	Stopped listening on port 54058
console.warn: TopSitesFeed: Failed to fetch data from Contile server: NetworkError when attempting to fetch resource.
1658761764861	Marionette	INFO	Stopped listening on port 59697
console.warn: TopSitesFeed: Failed to fetch data from Contile server: NetworkError when attempting to fetch resource.
1658761900853	geckodriver	INFO	Listening on 127.0.0.1:64696
1658761901258	mozrunner::runner	INFO	Running command: "/Applications/Firefox.app/Contents/MacOS/firefox-bin" "--marionette" "--remote-debugging-port" "64697" "--remote-allow-hosts" "localhost" "-foreground" "-no-remote" "-profile" "/var/folders/n1/ywk4091j5xx1hvl49p918s6w0000gn/T/rust_mozprofilejoIqax"
2022-07-25 10:11:42.004 plugin-container[5779:114308] nil host used in call to allowsSpecificHTTPSCertificateForHost
2022-07-25 10:11:42.004 plugin-container[5779:114308] nil host used in call to allowsAnyHTTPSCertificateForHost:
2022-07-25 10:11:42.010 plugin-container[5779:114308] nil host used in call to allowsSpecificHTTPSCertificateForHost
2022-07-25 10:11:42.010 plugin-container[5779:114308] nil host used in call to allowsAnyHTTPSCertificateForHost:
2022-07-25 10:11:42.010 plugin-container[5779:114310] nil host used in call to allowsSpecificHTTPSCertificateForHost
2022-07-25 10:11:42.010 plugin-container[5779:114310] nil host used in call to allowsAnyHTTPSCertificateForHost:
1658761902265	Marionette	INFO	Marionette enabled
1658761902345	Marionette	INFO	Listening on port 64702
WebDriver BiDi listening on ws://localhost:64697
Read port: 64702
1658761902645	RemoteAgent	WARN	TLS certificate errors will be ignored for this session
console.warn: SearchSettings: "get: No settings file exists, new profile?" (new NotFoundError("Could not open the file at /var/folders/n1/ywk4091j5xx1hvl49p918s6w0000gn/T/rust_mozprofilejoIqax/search.json.mozlz4", (void 0)))
DevTools listening on ws://localhost:64697/devtools/browser/f67ed0d9-36eb-4e15-af50-6e083a203ffe
console.warn: LoginRecipes: "getRecipes: falling back to a synchronous message for:" "https://wripli.com"
console.warn: LoginRecipes: "getRecipes: falling back to a synchronous message for:" "https://wripli.com"
JavaScript error: resource://gre/modules/LoginManagerParent.jsm, line 136: TypeError: gRecipeManager is null
2022-07-25 15:11:54.677 plugin-container[5790:114749] nil host used in call to allowsSpecificHTTPSCertificateForHost
2022-07-25 15:11:54.677 plugin-container[5790:114749] nil host used in call to allowsAnyHTTPSCertificateForHost:
2022-07-25 15:11:54.681 plugin-container[5790:114749] nil host used in call to allowsSpecificHTTPSCertificateForHost
2022-07-25 15:11:54.681 plugin-container[5790:114749] nil host used in call to allowsAnyHTTPSCertificateForHost:
2022-07-25 15:11:54.681 plugin-container[5790:114743] nil host used in call to allowsSpecificHTTPSCertificateForHost
2022-07-25 15:11:54.681 plugin-container[5790:114743] nil host used in call to allowsAnyHTTPSCertificateForHost:
1658761919873	Marionette	INFO	Stopped listening on port 64702
1658762337330	geckodriver	INFO	Listening on 127.0.0.1:64882
1658762337689	mozrunner::runner	INFO	Running command: "/Applications/Firefox.app/Contents/MacOS/firefox-bin" "--marionette" "--remote-debugging-port" "64883" "--remote-allow-hosts" "localhost" "-foreground" "-no-remote" "-profile" "/var/folders/n1/ywk4091j5xx1hvl49p918s6w0000gn/T/rust_mozprofilevWtMtn"
2022-07-25 10:18:58.628 plugin-container[6158:120203] nil host used in call to allowsSpecificHTTPSCertificateForHost
2022-07-25 10:18:58.629 plugin-container[6158:120203] nil host used in call to allowsAnyHTTPSCertificateForHost:
2022-07-25 10:18:58.754 plugin-container[6158:120203] nil host used in call to allowsSpecificHTTPSCertificateForHost
2022-07-25 10:18:58.755 plugin-container[6158:120203] nil host used in call to allowsAnyHTTPSCertificateForHost:
2022-07-25 10:18:58.757 plugin-container[6158:120197] nil host used in call to allowsSpecificHTTPSCertificateForHost
2022-07-25 10:18:58.757 plugin-container[6158:120197] nil host used in call to allowsAnyHTTPSCertificateForHost:
1658762338835	Marionette	INFO	Marionette enabled
1658762338907	Marionette	INFO	Listening on port 64888
WebDriver BiDi listening on ws://localhost:64883
Read port: 64888
1658762339573	RemoteAgent	WARN	TLS certificate errors will be ignored for this session
console.warn: SearchSettings: "get: No settings file exists, new profile?" (new NotFoundError("Could not open the file at /var/folders/n1/ywk4091j5xx1hvl49p918s6w0000gn/T/rust_mozprofilevWtMtn/search.json.mozlz4", (void 0)))
DevTools listening on ws://localhost:64883/devtools/browser/975ab60f-f1ea-42a8-b5db-c2b43efb01d5
console.warn: LoginRecipes: "getRecipes: falling back to a synchronous message for:" "https://wripli.com"
console.warn: LoginRecipes: "getRecipes: falling back to a synchronous message for:" "https://wripli.com"
JavaScript error: resource://gre/modules/LoginManagerParent.jsm, line 136: TypeError: gRecipeManager is null
2022-07-25 15:19:11.499 plugin-container[6169:120614] nil host used in call to allowsSpecificHTTPSCertificateForHost
2022-07-25 15:19:11.499 plugin-container[6169:120614] nil host used in call to allowsAnyHTTPSCertificateForHost:
2022-07-25 15:19:11.508 plugin-container[6169:120614] nil host used in call to allowsSpecificHTTPSCertificateForHost
2022-07-25 15:19:11.508 plugin-container[6169:120614] nil host used in call to allowsAnyHTTPSCertificateForHost:
2022-07-25 15:19:11.508 plugin-container[6169:120616] nil host used in call to allowsSpecificHTTPSCertificateForHost
2022-07-25 15:19:11.508 plugin-container[6169:120616] nil host used in call to allowsAnyHTTPSCertificateForHost:
1658762355811	Marionette	INFO	Stopped listening on port 64888
1658762718230	Marionette	INFO	Stopped listening on port 60006
console.warn: TopSitesFeed: Failed to fetch data from Contile server: NetworkError when attempting to fetch resource.
1658765204579	geckodriver	INFO	Listening on 127.0.0.1:65312
1658765204972	mozrunner::runner	INFO	Running command: "/Applications/Firefox.app/Contents/MacOS/firefox-bin" "--marionette" "--remote-debugging-port" "65313" "--remote-allow-hosts" "localhost" "-foreground" "-no-remote" "-profile" "/var/folders/n1/ywk4091j5xx1hvl49p918s6w0000gn/T/rust_mozprofileRAjwmS"
2022-07-25 11:06:45.429 plugin-container[7315:150602] nil host used in call to allowsSpecificHTTPSCertificateForHost
2022-07-25 11:06:45.430 plugin-container[7315:150602] nil host used in call to allowsAnyHTTPSCertificateForHost:
2022-07-25 11:06:45.433 plugin-container[7315:150602] nil host used in call to allowsSpecificHTTPSCertificateForHost
2022-07-25 11:06:45.433 plugin-container[7315:150602] nil host used in call to allowsAnyHTTPSCertificateForHost:
2022-07-25 11:06:45.434 plugin-container[7315:150600] nil host used in call to allowsSpecificHTTPSCertificateForHost
2022-07-25 11:06:45.434 plugin-container[7315:150600] nil host used in call to allowsAnyHTTPSCertificateForHost:
1658765205538	Marionette	INFO	Marionette enabled
1658765205611	Marionette	INFO	Listening on port 65319
WebDriver BiDi listening on ws://localhost:65313
Read port: 65319
1658765206108	RemoteAgent	WARN	TLS certificate errors will be ignored for this session
console.warn: SearchSettings: "get: No settings file exists, new profile?" (new NotFoundError("Could not open the file at /var/folders/n1/ywk4091j5xx1hvl49p918s6w0000gn/T/rust_mozprofileRAjwmS/search.json.mozlz4", (void 0)))
DevTools listening on ws://localhost:65313/devtools/browser/40a1b605-ad5f-4975-b1d2-9738ead467dc
console.warn: LoginRecipes: "getRecipes: falling back to a synchronous message for:" "https://wripli.com"
console.warn: LoginRecipes: "getRecipes: falling back to a synchronous message for:" "https://wripli.com"
JavaScript error: resource://gre/modules/LoginManagerParent.jsm, line 136: TypeError: gRecipeManager is null
2022-07-25 16:06:59.434 plugin-container[7326:151089] nil host used in call to allowsSpecificHTTPSCertificateForHost
2022-07-25 16:06:59.434 plugin-container[7326:151089] nil host used in call to allowsAnyHTTPSCertificateForHost:
2022-07-25 16:06:59.439 plugin-container[7326:151089] nil host used in call to allowsSpecificHTTPSCertificateForHost
2022-07-25 16:06:59.439 plugin-container[7326:151089] nil host used in call to allowsAnyHTTPSCertificateForHost:
2022-07-25 16:06:59.440 plugin-container[7326:151111] nil host used in call to allowsSpecificHTTPSCertificateForHost
2022-07-25 16:06:59.440 plugin-container[7326:151111] nil host used in call to allowsAnyHTTPSCertificateForHost:
1658765223420	Marionette	INFO	Stopped listening on port 65319
JavaScript error: resource://gre/modules/UrlClassifierListManager.jsm, line 694: TypeError: this.tablesData[table] is undefined
1658765288695	geckodriver	INFO	Listening on 127.0.0.1:65379
1658765289084	mozrunner::runner	INFO	Running command: "/Applications/Firefox.app/Contents/MacOS/firefox-bin" "--marionette" "--remote-debugging-port" "65380" "--remote-allow-hosts" "localhost" "-foreground" "-no-remote" "-profile" "/var/folders/n1/ywk4091j5xx1hvl49p918s6w0000gn/T/rust_mozprofile8NMaBW"
2022-07-25 11:08:09.571 plugin-container[7377:151930] nil host used in call to allowsSpecificHTTPSCertificateForHost
2022-07-25 11:08:09.573 plugin-container[7377:151930] nil host used in call to allowsAnyHTTPSCertificateForHost:
2022-07-25 11:08:09.579 plugin-container[7377:151930] nil host used in call to allowsSpecificHTTPSCertificateForHost
2022-07-25 11:08:09.579 plugin-container[7377:151930] nil host used in call to allowsAnyHTTPSCertificateForHost:
2022-07-25 11:08:09.580 plugin-container[7377:151927] nil host used in call to allowsSpecificHTTPSCertificateForHost
2022-07-25 11:08:09.580 plugin-container[7377:151927] nil host used in call to allowsAnyHTTPSCertificateForHost:
1658765289675	Marionette	INFO	Marionette enabled
1658765289727	Marionette	INFO	Listening on port 65386
WebDriver BiDi listening on ws://localhost:65380
Read port: 65386
1658765290209	RemoteAgent	WARN	TLS certificate errors will be ignored for this session
console.warn: SearchSettings: "get: No settings file exists, new profile?" (new NotFoundError("Could not open the file at /var/folders/n1/ywk4091j5xx1hvl49p918s6w0000gn/T/rust_mozprofile8NMaBW/search.json.mozlz4", (void 0)))
DevTools listening on ws://localhost:65380/devtools/browser/5f6061ac-047b-4743-9325-0d110424b44e
console.warn: LoginRecipes: "getRecipes: falling back to a synchronous message for:" "https://wripli.com"
console.warn: LoginRecipes: "getRecipes: falling back to a synchronous message for:" "https://wripli.com"
JavaScript error: resource://gre/modules/LoginManagerParent.jsm, line 136: TypeError: gRecipeManager is null
2022-07-25 16:08:20.487 plugin-container[7388:152353] nil host used in call to allowsSpecificHTTPSCertificateForHost
2022-07-25 16:08:20.488 plugin-container[7388:152353] nil host used in call to allowsAnyHTTPSCertificateForHost:
2022-07-25 16:08:20.492 plugin-container[7388:152353] nil host used in call to allowsSpecificHTTPSCertificateForHost
2022-07-25 16:08:20.492 plugin-container[7388:152353] nil host used in call to allowsAnyHTTPSCertificateForHost:
2022-07-25 16:08:20.492 plugin-container[7388:152390] nil host used in call to allowsSpecificHTTPSCertificateForHost
2022-07-25 16:08:20.492 plugin-container[7388:152390] nil host used in call to allowsAnyHTTPSCertificateForHost:
1658765305591	Marionette	INFO	Stopped listening on port 65386
1658765376789	geckodriver	INFO	Listening on 127.0.0.1:65441
1658765377209	mozrunner::runner	INFO	Running command: "/Applications/Firefox.app/Contents/MacOS/firefox-bin" "--marionette" "--remote-debugging-port" "65442" "--remote-allow-hosts" "localhost" "-foreground" "-no-remote" "-profile" "/var/folders/n1/ywk4091j5xx1hvl49p918s6w0000gn/T/rust_mozprofilenxNUwV"
2022-07-25 11:09:37.838 plugin-container[7471:153335] nil host used in call to allowsSpecificHTTPSCertificateForHost
2022-07-25 11:09:37.838 plugin-container[7471:153335] nil host used in call to allowsAnyHTTPSCertificateForHost:
1658765377853	Marionette	INFO	Marionette enabled
1658765377908	Marionette	INFO	Listening on port 65448
WebDriver BiDi listening on ws://localhost:65442
Read port: 65448
2022-07-25 11:09:37.934 plugin-container[7471:153335] nil host used in call to allowsSpecificHTTPSCertificateForHost
2022-07-25 11:09:37.934 plugin-container[7471:153335] nil host used in call to allowsAnyHTTPSCertificateForHost:
2022-07-25 11:09:37.935 plugin-container[7471:153357] nil host used in call to allowsSpecificHTTPSCertificateForHost
2022-07-25 11:09:37.935 plugin-container[7471:153357] nil host used in call to allowsAnyHTTPSCertificateForHost:
1658765378268	RemoteAgent	WARN	TLS certificate errors will be ignored for this session
console.warn: SearchSettings: "get: No settings file exists, new profile?" (new NotFoundError("Could not open the file at /var/folders/n1/ywk4091j5xx1hvl49p918s6w0000gn/T/rust_mozprofilenxNUwV/search.json.mozlz4", (void 0)))
DevTools listening on ws://localhost:65442/devtools/browser/b35e1c2a-6620-4b52-a7a4-94ce247673e4
console.warn: LoginRecipes: "getRecipes: falling back to a synchronous message for:" "https://wripli.com"
console.warn: LoginRecipes: "getRecipes: falling back to a synchronous message for:" "https://wripli.com"
JavaScript error: resource://gre/modules/LoginManagerParent.jsm, line 136: TypeError: gRecipeManager is null
2022-07-25 16:09:48.394 plugin-container[7481:153818] nil host used in call to allowsSpecificHTTPSCertificateForHost
2022-07-25 16:09:48.394 plugin-container[7481:153818] nil host used in call to allowsAnyHTTPSCertificateForHost:
2022-07-25 16:09:48.398 plugin-container[7481:153818] nil host used in call to allowsSpecificHTTPSCertificateForHost
2022-07-25 16:09:48.398 plugin-container[7481:153818] nil host used in call to allowsAnyHTTPSCertificateForHost:
2022-07-25 16:09:48.399 plugin-container[7481:153833] nil host used in call to allowsSpecificHTTPSCertificateForHost
2022-07-25 16:09:48.399 plugin-container[7481:153833] nil host used in call to allowsAnyHTTPSCertificateForHost:
1658765393586	Marionette	INFO	Stopped listening on port 65448
JavaScript error: resource://services-settings/Utils.jsm, line 237: TypeError: NetworkError: Network request failed
1658765488460	geckodriver	INFO	Listening on 127.0.0.1:65500
1658765488862	mozrunner::runner	INFO	Running command: "/Applications/Firefox.app/Contents/MacOS/firefox-bin" "--marionette" "--remote-debugging-port" "65501" "--remote-allow-hosts" "localhost" "-foreground" "-no-remote" "-profile" "/var/folders/n1/ywk4091j5xx1hvl49p918s6w0000gn/T/rust_mozprofileDmQcEA"
1658765489630	Marionette	INFO	Marionette enabled
2022-07-25 11:11:29.661 plugin-container[7559:155045] nil host used in call to allowsSpecificHTTPSCertificateForHost
2022-07-25 11:11:29.661 plugin-container[7559:155045] nil host used in call to allowsAnyHTTPSCertificateForHost:
2022-07-25 11:11:29.670 plugin-container[7559:155045] nil host used in call to allowsSpecificHTTPSCertificateForHost
2022-07-25 11:11:29.670 plugin-container[7559:155045] nil host used in call to allowsAnyHTTPSCertificateForHost:
2022-07-25 11:11:29.671 plugin-container[7559:155063] nil host used in call to allowsSpecificHTTPSCertificateForHost
2022-07-25 11:11:29.671 plugin-container[7559:155063] nil host used in call to allowsAnyHTTPSCertificateForHost:
1658765489838	Marionette	INFO	Listening on port 65506
WebDriver BiDi listening on ws://localhost:65501
Read port: 65506
1658765490360	RemoteAgent	WARN	TLS certificate errors will be ignored for this session
console.warn: SearchSettings: "get: No settings file exists, new profile?" (new NotFoundError("Could not open the file at /var/folders/n1/ywk4091j5xx1hvl49p918s6w0000gn/T/rust_mozprofileDmQcEA/search.json.mozlz4", (void 0)))
DevTools listening on ws://localhost:65501/devtools/browser/1261d585-e332-484f-803d-64fa39816656
console.warn: LoginRecipes: "getRecipes: falling back to a synchronous message for:" "https://wripli.com"
console.warn: LoginRecipes: "getRecipes: falling back to a synchronous message for:" "https://wripli.com"
JavaScript error: resource://gre/modules/LoginManagerParent.jsm, line 136: TypeError: gRecipeManager is null
2022-07-25 16:11:40.581 plugin-container[7569:155444] nil host used in call to allowsSpecificHTTPSCertificateForHost
2022-07-25 16:11:40.581 plugin-container[7569:155444] nil host used in call to allowsAnyHTTPSCertificateForHost:
2022-07-25 16:11:40.585 plugin-container[7569:155444] nil host used in call to allowsSpecificHTTPSCertificateForHost
2022-07-25 16:11:40.586 plugin-container[7569:155444] nil host used in call to allowsAnyHTTPSCertificateForHost:
2022-07-25 16:11:40.586 plugin-container[7569:155453] nil host used in call to allowsSpecificHTTPSCertificateForHost
2022-07-25 16:11:40.586 plugin-container[7569:155453] nil host used in call to allowsAnyHTTPSCertificateForHost:
1658765504054	Marionette	INFO	Stopped listening on port 65506
JavaScript error: resource://services-settings/Utils.jsm, line 237: TypeError: NetworkError: Network request failed
1658765941240	geckodriver	INFO	Listening on 127.0.0.1:49191
1658765941642	mozrunner::runner	INFO	Running command: "/Applications/Firefox.app/Contents/MacOS/firefox-bin" "--marionette" "--remote-debugging-port" "49192" "--remote-allow-hosts" "localhost" "-foreground" "-no-remote" "-profile" "/var/folders/n1/ywk4091j5xx1hvl49p918s6w0000gn/T/rust_mozprofileWdRhVP"
2022-07-25 11:19:02.467 plugin-container[7761:159637] nil host used in call to allowsSpecificHTTPSCertificateForHost
2022-07-25 11:19:02.467 plugin-container[7761:159637] nil host used in call to allowsAnyHTTPSCertificateForHost:
2022-07-25 11:19:02.473 plugin-container[7761:159637] nil host used in call to allowsSpecificHTTPSCertificateForHost
2022-07-25 11:19:02.473 plugin-container[7761:159637] nil host used in call to allowsAnyHTTPSCertificateForHost:
2022-07-25 11:19:02.474 plugin-container[7761:159641] nil host used in call to allowsSpecificHTTPSCertificateForHost
2022-07-25 11:19:02.474 plugin-container[7761:159641] nil host used in call to allowsAnyHTTPSCertificateForHost:
1658765942548	Marionette	INFO	Marionette enabled
1658765942780	Marionette	INFO	Listening on port 49198
WebDriver BiDi listening on ws://localhost:49192
Read port: 49198
1658765942959	RemoteAgent	WARN	TLS certificate errors will be ignored for this session
console.warn: SearchSettings: "get: No settings file exists, new profile?" (new NotFoundError("Could not open the file at /var/folders/n1/ywk4091j5xx1hvl49p918s6w0000gn/T/rust_mozprofileWdRhVP/search.json.mozlz4", (void 0)))
DevTools listening on ws://localhost:49192/devtools/browser/6b868ea2-25a0-43e7-afb9-a80d62370dc4
console.warn: LoginRecipes: "getRecipes: falling back to a synchronous message for:" "https://wripli.com"
console.warn: LoginRecipes: "getRecipes: falling back to a synchronous message for:" "https://wripli.com"
JavaScript error: resource://gre/modules/LoginManagerParent.jsm, line 136: TypeError: gRecipeManager is null
2022-07-25 16:19:13.908 plugin-container[7771:160144] nil host used in call to allowsSpecificHTTPSCertificateForHost
2022-07-25 16:19:13.909 plugin-container[7771:160144] nil host used in call to allowsAnyHTTPSCertificateForHost:
2022-07-25 16:19:13.912 plugin-container[7771:160144] nil host used in call to allowsSpecificHTTPSCertificateForHost
2022-07-25 16:19:13.912 plugin-container[7771:160144] nil host used in call to allowsAnyHTTPSCertificateForHost:
2022-07-25 16:19:13.912 plugin-container[7771:160162] nil host used in call to allowsSpecificHTTPSCertificateForHost
2022-07-25 16:19:13.912 plugin-container[7771:160162] nil host used in call to allowsAnyHTTPSCertificateForHost:
1658765957539	Marionette	INFO	Stopped listening on port 49198
1658767189249	geckodriver	INFO	Listening on 127.0.0.1:49372
1658767189635	mozrunner::runner	INFO	Running command: "/Applications/Firefox.app/Contents/MacOS/firefox-bin" "--marionette" "--remote-debugging-port" "49373" "--remote-allow-hosts" "localhost" "-foreground" "-no-remote" "-profile" "/var/folders/n1/ywk4091j5xx1hvl49p918s6w0000gn/T/rust_mozprofileyxCwDh"
2022-07-25 11:39:50.421 plugin-container[8396:173001] nil host used in call to allowsSpecificHTTPSCertificateForHost
2022-07-25 11:39:50.421 plugin-container[8396:173001] nil host used in call to allowsAnyHTTPSCertificateForHost:
2022-07-25 11:39:50.425 plugin-container[8396:173001] nil host used in call to allowsSpecificHTTPSCertificateForHost
2022-07-25 11:39:50.425 plugin-container[8396:173001] nil host used in call to allowsAnyHTTPSCertificateForHost:
2022-07-25 11:39:50.426 plugin-container[8396:173002] nil host used in call to allowsSpecificHTTPSCertificateForHost
2022-07-25 11:39:50.426 plugin-container[8396:173002] nil host used in call to allowsAnyHTTPSCertificateForHost:
1658767190553	Marionette	INFO	Marionette enabled
1658767190679	Marionette	INFO	Listening on port 49378
WebDriver BiDi listening on ws://localhost:49373
Read port: 49378
1658767191289	RemoteAgent	WARN	TLS certificate errors will be ignored for this session
console.warn: SearchSettings: "get: No settings file exists, new profile?" (new NotFoundError("Could not open the file at /var/folders/n1/ywk4091j5xx1hvl49p918s6w0000gn/T/rust_mozprofileyxCwDh/search.json.mozlz4", (void 0)))
DevTools listening on ws://localhost:49373/devtools/browser/056e9f65-7449-48e7-94db-35ca74718a41
2022-07-25 16:39:56.603 plugin-container[8407:173436] nil host used in call to allowsSpecificHTTPSCertificateForHost
2022-07-25 16:39:56.603 plugin-container[8407:173436] nil host used in call to allowsAnyHTTPSCertificateForHost:
2022-07-25 16:39:56.607 plugin-container[8407:173436] nil host used in call to allowsSpecificHTTPSCertificateForHost
2022-07-25 16:39:56.607 plugin-container[8407:173436] nil host used in call to allowsAnyHTTPSCertificateForHost:
2022-07-25 16:39:56.607 plugin-container[8407:173442] nil host used in call to allowsSpecificHTTPSCertificateForHost
2022-07-25 16:39:56.608 plugin-container[8407:173442] nil host used in call to allowsAnyHTTPSCertificateForHost:
console.warn: LoginRecipes: "getRecipes: falling back to a synchronous message for:" "https://wripli.com"
console.warn: LoginRecipes: "getRecipes: falling back to a synchronous message for:" "https://wripli.com"
JavaScript error: resource://gre/modules/LoginManagerParent.jsm, line 136: TypeError: gRecipeManager is null
1658767231847	geckodriver	INFO	Listening on 127.0.0.1:49440
1658767232268	mozrunner::runner	INFO	Running command: "/Applications/Firefox.app/Contents/MacOS/firefox-bin" "--marionette" "--remote-debugging-port" "49441" "--remote-allow-hosts" "localhost" "-foreground" "-no-remote" "-profile" "/var/folders/n1/ywk4091j5xx1hvl49p918s6w0000gn/T/rust_mozprofiledy0fFd"
2022-07-25 11:40:32.706 plugin-container[8439:174052] nil host used in call to allowsSpecificHTTPSCertificateForHost
2022-07-25 11:40:32.706 plugin-container[8439:174052] nil host used in call to allowsAnyHTTPSCertificateForHost:
2022-07-25 11:40:32.710 plugin-container[8439:174052] nil host used in call to allowsSpecificHTTPSCertificateForHost
2022-07-25 11:40:32.710 plugin-container[8439:174052] nil host used in call to allowsAnyHTTPSCertificateForHost:
2022-07-25 11:40:32.711 plugin-container[8439:174057] nil host used in call to allowsSpecificHTTPSCertificateForHost
2022-07-25 11:40:32.711 plugin-container[8439:174057] nil host used in call to allowsAnyHTTPSCertificateForHost:
1658767232783	Marionette	INFO	Marionette enabled
1658767232826	Marionette	INFO	Listening on port 49446
WebDriver BiDi listening on ws://localhost:49441
Read port: 49446
1658767233412	RemoteAgent	WARN	TLS certificate errors will be ignored for this session
console.warn: SearchSettings: "get: No settings file exists, new profile?" (new NotFoundError("Could not open the file at /var/folders/n1/ywk4091j5xx1hvl49p918s6w0000gn/T/rust_mozprofiledy0fFd/search.json.mozlz4", (void 0)))
DevTools listening on ws://localhost:49441/devtools/browser/7eea81a0-a3d7-49e7-a84e-f6a00b269355
console.warn: LoginRecipes: "getRecipes: falling back to a synchronous message for:" "https://wripli.com"
console.warn: LoginRecipes: "getRecipes: falling back to a synchronous message for:" "https://wripli.com"
JavaScript error: resource://gre/modules/LoginManagerParent.jsm, line 136: TypeError: gRecipeManager is null
2022-07-25 16:40:43.233 plugin-container[8449:174486] nil host used in call to allowsSpecificHTTPSCertificateForHost
2022-07-25 16:40:43.234 plugin-container[8449:174486] nil host used in call to allowsAnyHTTPSCertificateForHost:
2022-07-25 16:40:43.238 plugin-container[8449:174486] nil host used in call to allowsSpecificHTTPSCertificateForHost
2022-07-25 16:40:43.238 plugin-container[8449:174486] nil host used in call to allowsAnyHTTPSCertificateForHost:
2022-07-25 16:40:43.239 plugin-container[8449:174496] nil host used in call to allowsSpecificHTTPSCertificateForHost
2022-07-25 16:40:43.239 plugin-container[8449:174496] nil host used in call to allowsAnyHTTPSCertificateForHost:
1658767313775	geckodriver	INFO	Listening on 127.0.0.1:49512
1658767314180	mozrunner::runner	INFO	Running command: "/Applications/Firefox.app/Contents/MacOS/firefox-bin" "--marionette" "--remote-debugging-port" "49513" "--remote-allow-hosts" "localhost" "-foreground" "-no-remote" "-profile" "/var/folders/n1/ywk4091j5xx1hvl49p918s6w0000gn/T/rust_mozprofile9Rw0Jd"
2022-07-25 11:41:54.621 plugin-container[8484:175307] nil host used in call to allowsSpecificHTTPSCertificateForHost
2022-07-25 11:41:54.622 plugin-container[8484:175307] nil host used in call to allowsAnyHTTPSCertificateForHost:
2022-07-25 11:41:54.628 plugin-container[8484:175307] nil host used in call to allowsSpecificHTTPSCertificateForHost
2022-07-25 11:41:54.628 plugin-container[8484:175307] nil host used in call to allowsAnyHTTPSCertificateForHost:
2022-07-25 11:41:54.629 plugin-container[8484:175309] nil host used in call to allowsSpecificHTTPSCertificateForHost
2022-07-25 11:41:54.629 plugin-container[8484:175309] nil host used in call to allowsAnyHTTPSCertificateForHost:
1658767314797	Marionette	INFO	Marionette enabled
1658767314861	Marionette	INFO	Listening on port 49519
WebDriver BiDi listening on ws://localhost:49513
Read port: 49519
1658767315357	RemoteAgent	WARN	TLS certificate errors will be ignored for this session
console.warn: SearchSettings: "get: No settings file exists, new profile?" (new NotFoundError("Could not open the file at /var/folders/n1/ywk4091j5xx1hvl49p918s6w0000gn/T/rust_mozprofile9Rw0Jd/search.json.mozlz4", (void 0)))
DevTools listening on ws://localhost:49513/devtools/browser/fea39a04-a66e-469d-9da8-d219e0472256
console.warn: LoginRecipes: "getRecipes: falling back to a synchronous message for:" "https://wripli.com"
console.warn: LoginRecipes: "getRecipes: falling back to a synchronous message for:" "https://wripli.com"
JavaScript error: resource://gre/modules/LoginManagerParent.jsm, line 136: TypeError: gRecipeManager is null
2022-07-25 16:42:07.771 plugin-container[8492:175750] nil host used in call to allowsSpecificHTTPSCertificateForHost
2022-07-25 16:42:07.771 plugin-container[8492:175750] nil host used in call to allowsAnyHTTPSCertificateForHost:
2022-07-25 16:42:07.777 plugin-container[8492:175750] nil host used in call to allowsSpecificHTTPSCertificateForHost
2022-07-25 16:42:07.777 plugin-container[8492:175750] nil host used in call to allowsAnyHTTPSCertificateForHost:
2022-07-25 16:42:07.777 plugin-container[8492:175758] nil host used in call to allowsSpecificHTTPSCertificateForHost
2022-07-25 16:42:07.777 plugin-container[8492:175758] nil host used in call to allowsAnyHTTPSCertificateForHost:
1658767581029	Marionette	INFO	Stopped listening on port 49446
1658767584950	Marionette	INFO	Stopped listening on port 49378
1658768048845	geckodriver	INFO	Listening on 127.0.0.1:49693
1658768049225	mozrunner::runner	INFO	Running command: "/Applications/Firefox.app/Contents/MacOS/firefox-bin" "--marionette" "--remote-debugging-port" "49694" "--remote-allow-hosts" "localhost" "-foreground" "-no-remote" "-profile" "/var/folders/n1/ywk4091j5xx1hvl49p918s6w0000gn/T/rust_mozprofileqZMgW3"
1658768049928	Marionette	INFO	Marionette enabled
1658768049987	Marionette	INFO	Listening on port 49700
WebDriver BiDi listening on ws://localhost:49694
Read port: 49700
2022-07-25 11:54:10.118 plugin-container[8795:183669] nil host used in call to allowsSpecificHTTPSCertificateForHost
2022-07-25 11:54:10.121 plugin-container[8795:183669] nil host used in call to allowsAnyHTTPSCertificateForHost:
2022-07-25 11:54:10.166 plugin-container[8795:183669] nil host used in call to allowsSpecificHTTPSCertificateForHost
2022-07-25 11:54:10.166 plugin-container[8795:183669] nil host used in call to allowsAnyHTTPSCertificateForHost:
2022-07-25 11:54:10.166 plugin-container[8795:183671] nil host used in call to allowsSpecificHTTPSCertificateForHost
2022-07-25 11:54:10.166 plugin-container[8795:183671] nil host used in call to allowsAnyHTTPSCertificateForHost:
1658768050279	RemoteAgent	WARN	TLS certificate errors will be ignored for this session
console.warn: SearchSettings: "get: No settings file exists, new profile?" (new NotFoundError("Could not open the file at /var/folders/n1/ywk4091j5xx1hvl49p918s6w0000gn/T/rust_mozprofileqZMgW3/search.json.mozlz4", (void 0)))
DevTools listening on ws://localhost:49694/devtools/browser/2d1fdaab-6d8e-4955-b459-4294889c8560
console.warn: LoginRecipes: "getRecipes: falling back to a synchronous message for:" "https://wripli.com"
console.warn: LoginRecipes: "getRecipes: falling back to a synchronous message for:" "https://wripli.com"
JavaScript error: resource://gre/modules/LoginManagerParent.jsm, line 136: TypeError: gRecipeManager is null
2022-07-25 16:54:21.658 plugin-container[8803:184060] nil host used in call to allowsSpecificHTTPSCertificateForHost
2022-07-25 16:54:21.660 plugin-container[8803:184060] nil host used in call to allowsAnyHTTPSCertificateForHost:
2022-07-25 16:54:21.664 plugin-container[8803:184060] nil host used in call to allowsSpecificHTTPSCertificateForHost
2022-07-25 16:54:21.664 plugin-container[8803:184060] nil host used in call to allowsAnyHTTPSCertificateForHost:
2022-07-25 16:54:21.664 plugin-container[8803:184074] nil host used in call to allowsSpecificHTTPSCertificateForHost
2022-07-25 16:54:21.664 plugin-container[8803:184074] nil host used in call to allowsAnyHTTPSCertificateForHost:
1658768078442	Marionette	INFO	Stopped listening on port 49700
1658768230375	geckodriver	INFO	Listening on 127.0.0.1:49774
1658768230796	mozrunner::runner	INFO	Running command: "/Applications/Firefox.app/Contents/MacOS/firefox-bin" "--marionette" "--remote-debugging-port" "49775" "--remote-allow-hosts" "localhost" "-foreground" "-no-remote" "-profile" "/var/folders/n1/ywk4091j5xx1hvl49p918s6w0000gn/T/rust_mozprofileaXlzRN"
2022-07-25 11:57:11.211 plugin-container[8936:186479] nil host used in call to allowsSpecificHTTPSCertificateForHost
2022-07-25 11:57:11.211 plugin-container[8936:186479] nil host used in call to allowsAnyHTTPSCertificateForHost:
2022-07-25 11:57:11.214 plugin-container[8936:186479] nil host used in call to allowsSpecificHTTPSCertificateForHost
2022-07-25 11:57:11.215 plugin-container[8936:186479] nil host used in call to allowsAnyHTTPSCertificateForHost:
2022-07-25 11:57:11.215 plugin-container[8936:186484] nil host used in call to allowsSpecificHTTPSCertificateForHost
2022-07-25 11:57:11.215 plugin-container[8936:186484] nil host used in call to allowsAnyHTTPSCertificateForHost:
1658768231318	Marionette	INFO	Marionette enabled
1658768231466	Marionette	INFO	Listening on port 49781
WebDriver BiDi listening on ws://localhost:49775
Read port: 49781
1658768231884	RemoteAgent	WARN	TLS certificate errors will be ignored for this session
console.warn: SearchSettings: "get: No settings file exists, new profile?" (new NotFoundError("Could not open the file at /var/folders/n1/ywk4091j5xx1hvl49p918s6w0000gn/T/rust_mozprofileaXlzRN/search.json.mozlz4", (void 0)))
DevTools listening on ws://localhost:49775/devtools/browser/57100727-0f32-4a6d-b6e0-d97ab1a95006
console.warn: LoginRecipes: "getRecipes: falling back to a synchronous message for:" "https://wripli.com"
console.warn: LoginRecipes: "getRecipes: falling back to a synchronous message for:" "https://wripli.com"
JavaScript error: resource://gre/modules/LoginManagerParent.jsm, line 136: TypeError: gRecipeManager is null
2022-07-25 16:57:22.683 plugin-container[8946:186859] nil host used in call to allowsSpecificHTTPSCertificateForHost
2022-07-25 16:57:22.684 plugin-container[8946:186859] nil host used in call to allowsAnyHTTPSCertificateForHost:
2022-07-25 16:57:22.687 plugin-container[8946:186859] nil host used in call to allowsSpecificHTTPSCertificateForHost
2022-07-25 16:57:22.687 plugin-container[8946:186859] nil host used in call to allowsAnyHTTPSCertificateForHost:
2022-07-25 16:57:22.688 plugin-container[8946:186868] nil host used in call to allowsSpecificHTTPSCertificateForHost
2022-07-25 16:57:22.688 plugin-container[8946:186868] nil host used in call to allowsAnyHTTPSCertificateForHost:
1658768458159	geckodriver	INFO	Listening on 127.0.0.1:49849
1658768458538	mozrunner::runner	INFO	Running command: "/Applications/Firefox.app/Contents/MacOS/firefox-bin" "--marionette" "--remote-debugging-port" "49850" "--remote-allow-hosts" "localhost" "-foreground" "-no-remote" "-profile" "/var/folders/n1/ywk4091j5xx1hvl49p918s6w0000gn/T/rust_mozprofileFMxgZB"
2022-07-25 12:00:59.014 plugin-container[9072:189550] nil host used in call to allowsSpecificHTTPSCertificateForHost
2022-07-25 12:00:59.014 plugin-container[9072:189550] nil host used in call to allowsAnyHTTPSCertificateForHost:
2022-07-25 12:00:59.018 plugin-container[9072:189550] nil host used in call to allowsSpecificHTTPSCertificateForHost
2022-07-25 12:00:59.018 plugin-container[9072:189550] nil host used in call to allowsAnyHTTPSCertificateForHost:
2022-07-25 12:00:59.018 plugin-container[9072:189548] nil host used in call to allowsSpecificHTTPSCertificateForHost
2022-07-25 12:00:59.018 plugin-container[9072:189548] nil host used in call to allowsAnyHTTPSCertificateForHost:
1658768459191	Marionette	INFO	Marionette enabled
1658768459261	Marionette	INFO	Listening on port 49857
WebDriver BiDi listening on ws://localhost:49850
Read port: 49857
1658768459823	RemoteAgent	WARN	TLS certificate errors will be ignored for this session
console.warn: SearchSettings: "get: No settings file exists, new profile?" (new NotFoundError("Could not open the file at /var/folders/n1/ywk4091j5xx1hvl49p918s6w0000gn/T/rust_mozprofileFMxgZB/search.json.mozlz4", (void 0)))
DevTools listening on ws://localhost:49850/devtools/browser/d2db8866-7c1b-4e61-a197-2ff0037035df
console.warn: LoginRecipes: "getRecipes: falling back to a synchronous message for:" "https://wripli.com"
console.warn: LoginRecipes: "getRecipes: falling back to a synchronous message for:" "https://wripli.com"
JavaScript error: resource://gre/modules/LoginManagerParent.jsm, line 136: TypeError: gRecipeManager is null
2022-07-25 17:01:11.047 plugin-container[9082:190011] nil host used in call to allowsSpecificHTTPSCertificateForHost
2022-07-25 17:01:11.047 plugin-container[9082:190011] nil host used in call to allowsAnyHTTPSCertificateForHost:
2022-07-25 17:01:11.052 plugin-container[9082:190011] nil host used in call to allowsSpecificHTTPSCertificateForHost
2022-07-25 17:01:11.052 plugin-container[9082:190011] nil host used in call to allowsAnyHTTPSCertificateForHost:
2022-07-25 17:01:11.053 plugin-container[9082:190015] nil host used in call to allowsSpecificHTTPSCertificateForHost
2022-07-25 17:01:11.053 plugin-container[9082:190015] nil host used in call to allowsAnyHTTPSCertificateForHost:
1658768685559	geckodriver	INFO	Listening on 127.0.0.1:49940
1658768685964	mozrunner::runner	INFO	Running command: "/Applications/Firefox.app/Contents/MacOS/firefox-bin" "--marionette" "--remote-debugging-port" "49941" "--remote-allow-hosts" "localhost" "-foreground" "-no-remote" "-profile" "/var/folders/n1/ywk4091j5xx1hvl49p918s6w0000gn/T/rust_mozprofilebp81Kl"
2022-07-25 12:04:46.608 plugin-container[9138:192844] nil host used in call to allowsSpecificHTTPSCertificateForHost
2022-07-25 12:04:46.608 plugin-container[9138:192844] nil host used in call to allowsAnyHTTPSCertificateForHost:
2022-07-25 12:04:46.614 plugin-container[9138:192844] nil host used in call to allowsSpecificHTTPSCertificateForHost
2022-07-25 12:04:46.614 plugin-container[9138:192844] nil host used in call to allowsAnyHTTPSCertificateForHost:
2022-07-25 12:04:46.615 plugin-container[9138:192846] nil host used in call to allowsSpecificHTTPSCertificateForHost
2022-07-25 12:04:46.615 plugin-container[9138:192846] nil host used in call to allowsAnyHTTPSCertificateForHost:
1658768686758	Marionette	INFO	Marionette enabled
1658768686912	Marionette	INFO	Listening on port 49947
WebDriver BiDi listening on ws://localhost:49941
Read port: 49947
1658768687174	RemoteAgent	WARN	TLS certificate errors will be ignored for this session
console.warn: SearchSettings: "get: No settings file exists, new profile?" (new NotFoundError("Could not open the file at /var/folders/n1/ywk4091j5xx1hvl49p918s6w0000gn/T/rust_mozprofilebp81Kl/search.json.mozlz4", (void 0)))
DevTools listening on ws://localhost:49941/devtools/browser/5f4cb5eb-48c3-483e-9d6a-6a0930b70fae
console.warn: LoginRecipes: "getRecipes: falling back to a synchronous message for:" "https://wripli.com"
console.warn: LoginRecipes: "getRecipes: falling back to a synchronous message for:" "https://wripli.com"
JavaScript error: resource://gre/modules/LoginManagerParent.jsm, line 136: TypeError: gRecipeManager is null
2022-07-25 17:04:58.474 plugin-container[9148:193294] nil host used in call to allowsSpecificHTTPSCertificateForHost
2022-07-25 17:04:58.475 plugin-container[9148:193294] nil host used in call to allowsAnyHTTPSCertificateForHost:
2022-07-25 17:04:58.479 plugin-container[9148:193294] nil host used in call to allowsSpecificHTTPSCertificateForHost
2022-07-25 17:04:58.479 plugin-container[9148:193294] nil host used in call to allowsAnyHTTPSCertificateForHost:
2022-07-25 17:04:58.479 plugin-container[9148:193302] nil host used in call to allowsSpecificHTTPSCertificateForHost
2022-07-25 17:04:58.479 plugin-container[9148:193302] nil host used in call to allowsAnyHTTPSCertificateForHost:
console.error: services.settings: 
  main/quicksuggest Signature failed  TypeError: NetworkError: Network request failed
1658768801675	geckodriver	INFO	Listening on 127.0.0.1:50013
1658768802087	mozrunner::runner	INFO	Running command: "/Applications/Firefox.app/Contents/MacOS/firefox-bin" "--marionette" "--remote-debugging-port" "50014" "--remote-allow-hosts" "localhost" "-foreground" "-no-remote" "-profile" "/var/folders/n1/ywk4091j5xx1hvl49p918s6w0000gn/T/rust_mozprofilezwo22x"
2022-07-25 12:06:42.731 plugin-container[9242:194612] nil host used in call to allowsSpecificHTTPSCertificateForHost
2022-07-25 12:06:42.732 plugin-container[9242:194612] nil host used in call to allowsAnyHTTPSCertificateForHost:
2022-07-25 12:06:42.737 plugin-container[9242:194612] nil host used in call to allowsSpecificHTTPSCertificateForHost
2022-07-25 12:06:42.737 plugin-container[9242:194612] nil host used in call to allowsAnyHTTPSCertificateForHost:
2022-07-25 12:06:42.738 plugin-container[9242:194614] nil host used in call to allowsSpecificHTTPSCertificateForHost
2022-07-25 12:06:42.738 plugin-container[9242:194614] nil host used in call to allowsAnyHTTPSCertificateForHost:
1658768802951	Marionette	INFO	Marionette enabled
1658768803018	Marionette	INFO	Listening on port 50020
Read port: 50020
WebDriver BiDi listening on ws://localhost:50014
1658768803265	RemoteAgent	WARN	TLS certificate errors will be ignored for this session
console.warn: SearchSettings: "get: No settings file exists, new profile?" (new NotFoundError("Could not open the file at /var/folders/n1/ywk4091j5xx1hvl49p918s6w0000gn/T/rust_mozprofilezwo22x/search.json.mozlz4", (void 0)))
DevTools listening on ws://localhost:50014/devtools/browser/be0ffb44-6d33-4827-a993-992873dfafa3
console.warn: LoginRecipes: "getRecipes: falling back to a synchronous message for:" "https://wripli.com"
console.warn: LoginRecipes: "getRecipes: falling back to a synchronous message for:" "https://wripli.com"
JavaScript error: resource://gre/modules/LoginManagerParent.jsm, line 136: TypeError: gRecipeManager is null
2022-07-25 17:06:52.933 plugin-container[9252:195021] nil host used in call to allowsSpecificHTTPSCertificateForHost
2022-07-25 17:06:52.934 plugin-container[9252:195021] nil host used in call to allowsAnyHTTPSCertificateForHost:
2022-07-25 17:06:52.937 plugin-container[9252:195021] nil host used in call to allowsSpecificHTTPSCertificateForHost
2022-07-25 17:06:52.937 plugin-container[9252:195021] nil host used in call to allowsAnyHTTPSCertificateForHost:
2022-07-25 17:06:52.938 plugin-container[9252:195027] nil host used in call to allowsSpecificHTTPSCertificateForHost
2022-07-25 17:06:52.938 plugin-container[9252:195027] nil host used in call to allowsAnyHTTPSCertificateForHost:
1658768830601	Marionette	INFO	Stopped listening on port 50020
1658769143365	geckodriver	INFO	Listening on 127.0.0.1:50134
1658769143782	mozrunner::runner	INFO	Running command: "/Applications/Firefox.app/Contents/MacOS/firefox-bin" "--marionette" "--remote-debugging-port" "50135" "--remote-allow-hosts" "localhost" "-foreground" "-no-remote" "-profile" "/var/folders/n1/ywk4091j5xx1hvl49p918s6w0000gn/T/rust_mozprofileebrbNF"
2022-07-25 12:12:24.484 plugin-container[9398:199503] nil host used in call to allowsSpecificHTTPSCertificateForHost
2022-07-25 12:12:24.484 plugin-container[9398:199503] nil host used in call to allowsAnyHTTPSCertificateForHost:
2022-07-25 12:12:24.488 plugin-container[9398:199503] nil host used in call to allowsSpecificHTTPSCertificateForHost
2022-07-25 12:12:24.488 plugin-container[9398:199503] nil host used in call to allowsAnyHTTPSCertificateForHost:
2022-07-25 12:12:24.489 plugin-container[9398:199505] nil host used in call to allowsSpecificHTTPSCertificateForHost
2022-07-25 12:12:24.489 plugin-container[9398:199505] nil host used in call to allowsAnyHTTPSCertificateForHost:
1658769144695	Marionette	INFO	Marionette enabled
1658769144755	Marionette	INFO	Listening on port 50140
WebDriver BiDi listening on ws://localhost:50135
Read port: 50140
1658769144916	RemoteAgent	WARN	TLS certificate errors will be ignored for this session
console.warn: SearchSettings: "get: No settings file exists, new profile?" (new NotFoundError("Could not open the file at /var/folders/n1/ywk4091j5xx1hvl49p918s6w0000gn/T/rust_mozprofileebrbNF/search.json.mozlz4", (void 0)))
DevTools listening on ws://localhost:50135/devtools/browser/d190c836-acee-4c3f-9c98-fc3cf1a7f368
console.warn: LoginRecipes: "getRecipes: falling back to a synchronous message for:" "https://wripli.com"
console.warn: LoginRecipes: "getRecipes: falling back to a synchronous message for:" "https://wripli.com"
JavaScript error: resource://gre/modules/LoginManagerParent.jsm, line 136: TypeError: gRecipeManager is null
2022-07-25 17:12:35.830 plugin-container[9407:199966] nil host used in call to allowsSpecificHTTPSCertificateForHost
2022-07-25 17:12:35.830 plugin-container[9407:199966] nil host used in call to allowsAnyHTTPSCertificateForHost:
2022-07-25 17:12:35.834 plugin-container[9407:199966] nil host used in call to allowsSpecificHTTPSCertificateForHost
2022-07-25 17:12:35.834 plugin-container[9407:199966] nil host used in call to allowsAnyHTTPSCertificateForHost:
2022-07-25 17:12:35.834 plugin-container[9407:199967] nil host used in call to allowsSpecificHTTPSCertificateForHost
2022-07-25 17:12:35.834 plugin-container[9407:199967] nil host used in call to allowsAnyHTTPSCertificateForHost:
1658769205847	Marionette	INFO	Stopped listening on port 50140
1658769248672	geckodriver	INFO	Listening on 127.0.0.1:50208
1658769249087	mozrunner::runner	INFO	Running command: "/Applications/Firefox.app/Contents/MacOS/firefox-bin" "--marionette" "--remote-debugging-port" "50209" "--remote-allow-hosts" "localhost" "-foreground" "-no-remote" "-profile" "/var/folders/n1/ywk4091j5xx1hvl49p918s6w0000gn/T/rust_mozprofileLRbzf1"
2022-07-25 12:14:09.706 plugin-container[9485:201239] nil host used in call to allowsSpecificHTTPSCertificateForHost
2022-07-25 12:14:09.707 plugin-container[9485:201239] nil host used in call to allowsAnyHTTPSCertificateForHost:
2022-07-25 12:14:09.711 plugin-container[9485:201239] nil host used in call to allowsSpecificHTTPSCertificateForHost
2022-07-25 12:14:09.711 plugin-container[9485:201239] nil host used in call to allowsAnyHTTPSCertificateForHost:
2022-07-25 12:14:09.711 plugin-container[9485:201235] nil host used in call to allowsSpecificHTTPSCertificateForHost
2022-07-25 12:14:09.711 plugin-container[9485:201235] nil host used in call to allowsAnyHTTPSCertificateForHost:
1658769249807	Marionette	INFO	Marionette enabled
1658769250000	Marionette	INFO	Listening on port 50215
WebDriver BiDi listening on ws://localhost:50209
Read port: 50215
1658769250134	RemoteAgent	WARN	TLS certificate errors will be ignored for this session
console.warn: SearchSettings: "get: No settings file exists, new profile?" (new NotFoundError("Could not open the file at /var/folders/n1/ywk4091j5xx1hvl49p918s6w0000gn/T/rust_mozprofileLRbzf1/search.json.mozlz4", (void 0)))
DevTools listening on ws://localhost:50209/devtools/browser/0481c23c-e30f-4749-a04f-ef2249bdeaea
console.warn: LoginRecipes: "getRecipes: falling back to a synchronous message for:" "https://wripli.com"
console.warn: LoginRecipes: "getRecipes: falling back to a synchronous message for:" "https://wripli.com"
JavaScript error: resource://gre/modules/LoginManagerParent.jsm, line 136: TypeError: gRecipeManager is null
2022-07-25 17:14:25.520 plugin-container[9495:201652] nil host used in call to allowsSpecificHTTPSCertificateForHost
2022-07-25 17:14:25.520 plugin-container[9495:201652] nil host used in call to allowsAnyHTTPSCertificateForHost:
2022-07-25 17:14:25.524 plugin-container[9495:201652] nil host used in call to allowsSpecificHTTPSCertificateForHost
2022-07-25 17:14:25.524 plugin-container[9495:201652] nil host used in call to allowsAnyHTTPSCertificateForHost:
2022-07-25 17:14:25.524 plugin-container[9495:201663] nil host used in call to allowsSpecificHTTPSCertificateForHost
2022-07-25 17:14:25.524 plugin-container[9495:201663] nil host used in call to allowsAnyHTTPSCertificateForHost:
1658769301971	geckodriver	INFO	Listening on 127.0.0.1:50273
1658769302383	mozrunner::runner	INFO	Running command: "/Applications/Firefox.app/Contents/MacOS/firefox-bin" "--marionette" "--remote-debugging-port" "50274" "--remote-allow-hosts" "localhost" "-foreground" "-no-remote" "-profile" "/var/folders/n1/ywk4091j5xx1hvl49p918s6w0000gn/T/rust_mozprofilem8Ky1S"
2022-07-25 12:15:02.891 plugin-container[9553:202262] nil host used in call to allowsSpecificHTTPSCertificateForHost
2022-07-25 12:15:02.891 plugin-container[9553:202262] nil host used in call to allowsAnyHTTPSCertificateForHost:
2022-07-25 12:15:02.905 plugin-container[9553:202262] nil host used in call to allowsSpecificHTTPSCertificateForHost
2022-07-25 12:15:02.905 plugin-container[9553:202262] nil host used in call to allowsAnyHTTPSCertificateForHost:
2022-07-25 12:15:02.909 plugin-container[9553:202264] nil host used in call to allowsSpecificHTTPSCertificateForHost
2022-07-25 12:15:02.909 plugin-container[9553:202264] nil host used in call to allowsAnyHTTPSCertificateForHost:
1658769303091	Marionette	INFO	Marionette enabled
1658769303122	Marionette	INFO	Listening on port 50280
WebDriver BiDi listening on ws://localhost:50274
Read port: 50280
1658769303458	RemoteAgent	WARN	TLS certificate errors will be ignored for this session
console.warn: SearchSettings: "get: No settings file exists, new profile?" (new NotFoundError("Could not open the file at /var/folders/n1/ywk4091j5xx1hvl49p918s6w0000gn/T/rust_mozprofilem8Ky1S/search.json.mozlz4", (void 0)))
DevTools listening on ws://localhost:50274/devtools/browser/ec5ad37c-9dbe-4ce3-a2f5-b2588342a485
console.warn: LoginRecipes: "getRecipes: falling back to a synchronous message for:" "https://wripli.com"
console.warn: LoginRecipes: "getRecipes: falling back to a synchronous message for:" "https://wripli.com"
JavaScript error: resource://gre/modules/LoginManagerParent.jsm, line 136: TypeError: gRecipeManager is null
2022-07-25 17:15:14.026 plugin-container[9563:202656] nil host used in call to allowsSpecificHTTPSCertificateForHost
2022-07-25 17:15:14.026 plugin-container[9563:202656] nil host used in call to allowsAnyHTTPSCertificateForHost:
2022-07-25 17:15:14.030 plugin-container[9563:202656] nil host used in call to allowsSpecificHTTPSCertificateForHost
2022-07-25 17:15:14.030 plugin-container[9563:202656] nil host used in call to allowsAnyHTTPSCertificateForHost:
2022-07-25 17:15:14.030 plugin-container[9563:202684] nil host used in call to allowsSpecificHTTPSCertificateForHost
2022-07-25 17:15:14.030 plugin-container[9563:202684] nil host used in call to allowsAnyHTTPSCertificateForHost:
1658769349979	Marionette	INFO	Stopped listening on port 50280
1658769353379	Marionette	INFO	Stopped listening on port 50215
1658769358734	Marionette	INFO	Stopped listening on port 49519
console.warn: TopSitesFeed: Failed to fetch data from Contile server: NetworkError when attempting to fetch resource.
1658769360617	Marionette	INFO	Stopped listening on port 49857
console.warn: TopSitesFeed: Failed to fetch data from Contile server: NetworkError when attempting to fetch resource.
1658769362390	Marionette	INFO	Stopped listening on port 49947
console.warn: TopSitesFeed: Failed to fetch data from Contile server: NetworkError when attempting to fetch resource.
1658769417838	geckodriver	INFO	Listening on 127.0.0.1:50348
1658769418219	mozrunner::runner	INFO	Running command: "/Applications/Firefox.app/Contents/MacOS/firefox-bin" "--marionette" "--remote-debugging-port" "50349" "--remote-allow-hosts" "localhost" "-foreground" "-no-remote" "-profile" "/var/folders/n1/ywk4091j5xx1hvl49p918s6w0000gn/T/rust_mozprofileJKEa2u"
2022-07-25 12:16:58.676 plugin-container[9621:204186] nil host used in call to allowsSpecificHTTPSCertificateForHost
2022-07-25 12:16:58.676 plugin-container[9621:204186] nil host used in call to allowsAnyHTTPSCertificateForHost:
2022-07-25 12:16:58.686 plugin-container[9621:204186] nil host used in call to allowsSpecificHTTPSCertificateForHost
2022-07-25 12:16:58.686 plugin-container[9621:204186] nil host used in call to allowsAnyHTTPSCertificateForHost:
2022-07-25 12:16:58.687 plugin-container[9621:204188] nil host used in call to allowsSpecificHTTPSCertificateForHost
2022-07-25 12:16:58.687 plugin-container[9621:204188] nil host used in call to allowsAnyHTTPSCertificateForHost:
1658769418813	Marionette	INFO	Marionette enabled
1658769418894	Marionette	INFO	Listening on port 50355
WebDriver BiDi listening on ws://localhost:50349
Read port: 50355
1658769419341	RemoteAgent	WARN	TLS certificate errors will be ignored for this session
console.warn: SearchSettings: "get: No settings file exists, new profile?" (new NotFoundError("Could not open the file at /var/folders/n1/ywk4091j5xx1hvl49p918s6w0000gn/T/rust_mozprofileJKEa2u/search.json.mozlz4", (void 0)))
DevTools listening on ws://localhost:50349/devtools/browser/71aacb6f-c485-4cbb-93d3-7a42175f6a1a
console.warn: LoginRecipes: "getRecipes: falling back to a synchronous message for:" "https://wripli.com"
console.warn: LoginRecipes: "getRecipes: falling back to a synchronous message for:" "https://wripli.com"
JavaScript error: resource://gre/modules/LoginManagerParent.jsm, line 136: TypeError: gRecipeManager is null
2022-07-25 17:17:10.459 plugin-container[9631:204585] nil host used in call to allowsSpecificHTTPSCertificateForHost
2022-07-25 17:17:10.459 plugin-container[9631:204585] nil host used in call to allowsAnyHTTPSCertificateForHost:
2022-07-25 17:17:10.463 plugin-container[9631:204585] nil host used in call to allowsSpecificHTTPSCertificateForHost
2022-07-25 17:17:10.463 plugin-container[9631:204585] nil host used in call to allowsAnyHTTPSCertificateForHost:
2022-07-25 17:17:10.463 plugin-container[9631:204589] nil host used in call to allowsSpecificHTTPSCertificateForHost
2022-07-25 17:17:10.463 plugin-container[9631:204589] nil host used in call to allowsAnyHTTPSCertificateForHost:
1658769434285	Marionette	INFO	Stopped listening on port 50355
1658770110628	geckodriver	INFO	Listening on 127.0.0.1:50431
1658770111046	mozrunner::runner	INFO	Running command: "/Applications/Firefox.app/Contents/MacOS/firefox-bin" "--marionette" "--remote-debugging-port" "50432" "--remote-allow-hosts" "localhost" "-foreground" "-no-remote" "-profile" "/var/folders/n1/ywk4091j5xx1hvl49p918s6w0000gn/T/rust_mozprofileG0IM5Y"
2022-07-25 12:28:31.683 plugin-container[9866:210566] nil host used in call to allowsSpecificHTTPSCertificateForHost
2022-07-25 12:28:31.683 plugin-container[9866:210566] nil host used in call to allowsAnyHTTPSCertificateForHost:
2022-07-25 12:28:31.694 plugin-container[9866:210566] nil host used in call to allowsSpecificHTTPSCertificateForHost
2022-07-25 12:28:31.694 plugin-container[9866:210566] nil host used in call to allowsAnyHTTPSCertificateForHost:
2022-07-25 12:28:31.697 plugin-container[9866:210564] nil host used in call to allowsSpecificHTTPSCertificateForHost
2022-07-25 12:28:31.697 plugin-container[9866:210564] nil host used in call to allowsAnyHTTPSCertificateForHost:
1658770111760	Marionette	INFO	Marionette enabled
1658770112036	Marionette	INFO	Listening on port 50438
WebDriver BiDi listening on ws://localhost:50432
Read port: 50438
1658770112630	RemoteAgent	WARN	TLS certificate errors will be ignored for this session
console.warn: SearchSettings: "get: No settings file exists, new profile?" (new NotFoundError("Could not open the file at /var/folders/n1/ywk4091j5xx1hvl49p918s6w0000gn/T/rust_mozprofileG0IM5Y/search.json.mozlz4", (void 0)))
DevTools listening on ws://localhost:50432/devtools/browser/ba2cae15-fc87-4b7c-b637-14d0e4dd5151
console.warn: LoginRecipes: "getRecipes: falling back to a synchronous message for:" "https://wripli.com"
console.warn: LoginRecipes: "getRecipes: falling back to a synchronous message for:" "https://wripli.com"
JavaScript error: resource://gre/modules/LoginManagerParent.jsm, line 136: TypeError: gRecipeManager is null
2022-07-25 17:28:44.671 plugin-container[9876:211045] nil host used in call to allowsSpecificHTTPSCertificateForHost
2022-07-25 17:28:44.672 plugin-container[9876:211045] nil host used in call to allowsAnyHTTPSCertificateForHost:
2022-07-25 17:28:44.677 plugin-container[9876:211045] nil host used in call to allowsSpecificHTTPSCertificateForHost
2022-07-25 17:28:44.677 plugin-container[9876:211045] nil host used in call to allowsAnyHTTPSCertificateForHost:
2022-07-25 17:28:44.677 plugin-container[9876:211046] nil host used in call to allowsSpecificHTTPSCertificateForHost
2022-07-25 17:28:44.677 plugin-container[9876:211046] nil host used in call to allowsAnyHTTPSCertificateForHost:
1658770130798	Marionette	INFO	Stopped listening on port 50438
